Using pre-set license
Built from '2020.3/staging' branch; Version is '2020.3.16f1 (049d6eca3c44) revision 302446'; Using compiler version '192528614'; Build Type 'Release'
OS: 'Windows 10 Home; OS build 19043.1165; Version 2009; 64bit' Language: 'fr' Physical Memory: 8056 MB
BatchMode: 1, IsHumanControllingUs: 0, StartBugReporterOnCrash: 0, Is64bit: 1, IsPro: 0

 COMMAND LINE ARGUMENTS:
C:\Program Files\Unity\Hub\Editor\2020.3.16f1\Editor\Unity.exe
-adb2
-batchMode
-noUpm
-name
AssetImportWorker0
-projectPath
C:/Users/Floriane/Downloads/Documents/GitHub/Jam_Brackeys_2021_2/JAM_Brackeys_2021_2
-logFile
Logs/AssetImportWorker0.log
-srvPort
50899
Successfully changed project path to: C:/Users/Floriane/Downloads/Documents/GitHub/Jam_Brackeys_2021_2/JAM_Brackeys_2021_2
C:/Users/Floriane/Downloads/Documents/GitHub/Jam_Brackeys_2021_2/JAM_Brackeys_2021_2
Using Asset Import Pipeline V2.
Refreshing native plugins compatible for Editor in 185.65 ms, found 5 plugins.
Preloading 0 native plugins for Editor in 0.00 ms.
Initialize engine version: 2020.3.16f1 (049d6eca3c44)
[Subsystems] Discovering subsystems at path C:/Program Files/Unity/Hub/Editor/2020.3.16f1/Editor/Data/Resources/UnitySubsystems
[Subsystems] Discovering subsystems at path C:/Users/Floriane/Downloads/Documents/GitHub/Jam_Brackeys_2021_2/JAM_Brackeys_2021_2/Assets
GfxDevice: creating device client; threaded=0
Renderer: GeForce 940M/PCIe/SSE2
Vendor:   NVIDIA Corporation
Version:  OpenGL ES 3.2 NVIDIA 388.57
GLES:     3
 GL_EXT_base_instance GL_EXT_blend_func_extended GL_EXT_blend_minmax GL_EXT_buffer_storage GL_EXT_clear_texture GL_EXT_clip_cull_distance GL_EXT_color_buffer_float GL_EXT_color_buffer_half_float GL_EXT_conservative_depth GL_EXT_copy_image GL_EXT_debug_label GL_EXT_discard_framebuffer GL_EXT_disjoint_timer_query GL_EXT_draw_buffers_indexed GL_EXT_draw_elements_base_vertex GL_EXT_float_blend GL_EXT_frag_depth GL_EXT_geometry_point_size GL_EXT_geometry_shader GL_EXT_gpu_shader5 GL_EXT_map_buffer_range GL_EXT_multi_draw_indirect GL_EXT_multisample_compatibility GL_EXT_occlusion_query_boolean GL_EXT_polygon_offset_clamp GL_EXT_primitive_bounding_box GL_EXT_render_snorm GL_EXT_robustness GL_EXT_separate_shader_objects GL_EXT_shader_group_vote GL_EXT_shader_implicit_conversions GL_EXT_shader_integer_mix GL_EXT_shader_io_blocks GL_EXT_shader_non_constant_global_initializers GL_EXT_shader_texture_lod GL_EXT_shadow_samplers GL_EXT_sparse_texture GL_EXT_sRGB GL_EXT_sRGB_write_control GL_EXT_tessellation_point_size GL_E
XT_tessellation_shader GL_EXT_texture_border_clamp GL_EXT_texture_buffer GL_EXT_texture_compression_bptc GL_EXT_texture_compression_dxt1 GL_EXT_texture_compression_rgtc GL_EXT_texture_compression_s3tc GL_EXT_texture_cube_map_array GL_EXT_texture_filter_anisotropic GL_EXT_texture_format_BGRA8888 GL_EXT_texture_norm16 GL_EXT_texture_rg GL_EXT_texture_sRGB_R8 GL_EXT_texture_sRGB_decode GL_EXT_texture_storage GL_EXT_texture_view GL_EXT_draw_transform_feedback GL_EXT_unpack_subimage GL_EXT_window_rectangles GL_KHR_context_flush_control GL_KHR_debug GL_EXT_memory_object GL_EXT_memory_object_win32 GL_EXT_win32_keyed_mutex GL_KHR_parallel_shader_compile GL_KHR_no_error GL_KHR_robust_buffer_access_behavior GL_KHR_robustness GL_EXT_semaphore GL_EXT_semaphore_win32 GL_NV_bgr GL_NV_bindless_texture GL_NV_blend_equation_advanced GL_NV_blend_equation_advanced_coherent GL_NV_blend_minmax_factor GL_NV_conditional_render GL_NV_copy_buffer GL_NV_copy_image GL_NV_draw_buffers GL_NV_draw_instanced GL_NV_draw_texture GL_NV_draw_
vulkan_image GL_NV_explicit_attrib_location GL_NV_fbo_color_attachments GL_NV_framebuffer_blit GL_NV_framebuffer_multisample GL_NV_generate_mipmap_sRGB GL_NV_instanced_arrays GL_NV_internalformat_sample_query GL_NV_gpu_shader5 GL_NV_image_formats GL_NV_occlusion_query_samples GL_NV_non_square_matrices GL_NV_pack_subimage GL_NV_packed_float GL_NV_packed_float_linear GL_NV_path_rendering GL_NV_pixel_buffer_object GL_NV_polygon_mode GL_NV_read_buffer GL_NV_read_depth GL_NV_read_depth_stencil GL_NV_read_stencil GL_NV_shader_noperspective_interpolation GL_NV_shadow_samplers_array GL_NV_shadow_samplers_cube GL_NV_sRGB_formats GL_NV_texture_array GL_NV_texture_barrier GL_NV_texture_border_clamp GL_NV_texture_compression_latc GL_NV_texture_compression_s3tc GL_NV_texture_compression_s3tc_update GL_NV_timer_query GL_NV_viewport_array GL_KHR_blend_equation_advanced GL_KHR_blend_equation_advanced_coherent GL_OES_compressed_ETC1_RGB8_texture GL_EXT_compressed_ETC1_RGB8_sub_texture GL_OES_depth24 GL_OES_depth32 GL_OES_dep
th_texture GL_OES_depth_texture_cube_map GL_OES_copy_image GL_OES_draw_buffers_indexed GL_OES_draw_elements_base_vertex GL_OES_texture_border_clamp GL_OES_tessellation_point_size GL_OES_tessellation_shader GL_OES_texture_buffer GL_OES_geometry_point_size GL_OES_geometry_shader GL_OES_gpu_shader5 GL_OES_shader_io_blocks GL_OES_texture_view GL_OES_primitive_bounding_box GL_OES_element_index_uint GL_OES_fbo_render_mipmap GL_OES_get_program_binary GL_OES_mapbuffer GL_OES_packed_depth_stencil GL_OES_rgb8_rgba8 GL_OES_sample_shading GL_OES_sample_variables GL_OES_shader_image_atomic GL_OES_shader_multisample_interpolation GL_OES_standard_derivatives GL_OES_texture_cube_map_array GL_OES_texture_npot GL_OES_texture_float GL_OES_texture_float_linear GL_OES_texture_half_float GL_OES_texture_half_float_linear GL_OES_texture_stencil8 GL_OES_texture_storage_multisample_2d_array GL_OES_vertex_array_object GL_OES_vertex_half_float GL_OES_viewport_array GL_ANDROID_extension_pack_es31a
OPENGL LOG: Creating OpenGL ES 3.2 graphics device ; Context level  <OpenGL ES 3.2> ; Context handle 65537
Initialize mono
Mono path[0] = 'C:/Program Files/Unity/Hub/Editor/2020.3.16f1/Editor/Data/Managed'
Mono path[1] = 'C:/Program Files/Unity/Hub/Editor/2020.3.16f1/Editor/Data/MonoBleedingEdge/lib/mono/unityjit'
Mono config path = 'C:/Program Files/Unity/Hub/Editor/2020.3.16f1/Editor/Data/MonoBleedingEdge/etc'
Using monoOptions --debugger-agent=transport=dt_socket,embedding=1,server=y,suspend=n,address=127.0.0.1:56084
Begin MonoManager ReloadAssembly
Registering precompiled unity dll's ...
Register platform support module: C:/Program Files/Unity/Hub/Editor/2020.3.16f1/Editor/Data/PlaybackEngines/WindowsStandaloneSupport/UnityEditor.WindowsStandalone.Extensions.dll
Registered in 0.005918 seconds.
Native extension for WindowsStandalone target not found
Refreshing native plugins compatible for Editor in 80.19 ms, found 5 plugins.
Preloading 0 native plugins for Editor in 0.00 ms.
Mono: successfully reloaded assembly
- Completed reload, in  5.301 seconds
Domain Reload Profiling:
	ReloadAssembly (5302ms)
		BeginReloadAssembly (121ms)
			ExecutionOrderSort (0ms)
			DisableScriptedObjects (0ms)
			BackupInstance (0ms)
			ReleaseScriptingObjects (0ms)
			CreateAndSetChildDomain (1ms)
		EndReloadAssembly (664ms)
			LoadAssemblies (117ms)
			RebuildTransferFunctionScriptingTraits (0ms)
			SetupTypeCache (239ms)
			ReleaseScriptCaches (0ms)
			RebuildScriptCaches (48ms)
			SetupLoadedEditorAssemblies (259ms)
				LogAssemblyErrors (0ms)
				InitializePlatformSupportModulesInManaged (6ms)
				SetLoadedEditorAssemblies (0ms)
				RefreshPlugins (80ms)
				BeforeProcessingInitializeOnLoad (12ms)
				ProcessInitializeOnLoadAttributes (113ms)
				ProcessInitializeOnLoadMethodAttributes (48ms)
				AfterProcessingInitializeOnLoad (0ms)
				EditorAssembliesLoaded (0ms)
			ExecutionOrderSort2 (0ms)
			AwakeInstancesAfterBackupRestoration (0ms)
Platform modules already initialized, skipping
Registering precompiled user dll's ...
Registered in 0.040640 seconds.
Begin MonoManager ReloadAssembly
Native extension for WindowsStandalone target not found
Refreshing native plugins compatible for Editor in 94.50 ms, found 5 plugins.
Preloading 0 native plugins for Editor in 0.00 ms.
Mono: successfully reloaded assembly
- Completed reload, in  2.334 seconds
Domain Reload Profiling:
	ReloadAssembly (2336ms)
		BeginReloadAssembly (309ms)
			ExecutionOrderSort (0ms)
			DisableScriptedObjects (6ms)
			BackupInstance (0ms)
			ReleaseScriptingObjects (0ms)
			CreateAndSetChildDomain (41ms)
		EndReloadAssembly (1901ms)
			LoadAssemblies (335ms)
			RebuildTransferFunctionScriptingTraits (0ms)
			SetupTypeCache (478ms)
			ReleaseScriptCaches (1ms)
			RebuildScriptCaches (98ms)
			SetupLoadedEditorAssemblies (762ms)
				LogAssemblyErrors (0ms)
				InitializePlatformSupportModulesInManaged (8ms)
				SetLoadedEditorAssemblies (0ms)
				RefreshPlugins (95ms)
				BeforeProcessingInitializeOnLoad (130ms)
				ProcessInitializeOnLoadAttributes (489ms)
				ProcessInitializeOnLoadMethodAttributes (25ms)
				AfterProcessingInitializeOnLoad (15ms)
				EditorAssembliesLoaded (0ms)
			ExecutionOrderSort2 (0ms)
			AwakeInstancesAfterBackupRestoration (11ms)
Platform modules already initialized, skipping
========================================================================
Worker process is ready to serve import requests
Launched and connected shader compiler UnityShaderCompiler.exe after 0.14 seconds
Refreshing native plugins compatible for Editor in 1.10 ms, found 5 plugins.
Preloading 0 native plugins for Editor in 0.00 ms.
Unloading 2386 Unused Serialized files (Serialized files now loaded: 0)
System memory in use before: 105.8 MB.
System memory in use after: 106.0 MB.

Unloading 84 unused Assets to reduce memory usage. Loaded Objects now: 2770.
Total: 5.805200 ms (FindLiveObjects: 0.425900 ms CreateObjectMapping: 0.305900 ms MarkObjects: 4.756500 ms  DeleteObjects: 0.312400 ms)

AssetImportParameters requested are different than current active one (requested -> active):
  custom:framework-win-MediaFoundation: 216162199b28c13a410421893ffa2e32 -> 
  custom:video-decoder-ogg-theora: a1e56fd34408186e4bbccfd4996cb3dc -> 
  custom:container-muxer-webm: aa71ff27fc2769a1b78a27578f13a17b -> 
  custom:container-demuxer-webm: 4f35f7cbe854078d1ac9338744f61a02 -> 
  custom:container-demuxer-ogg: 62fdf1f143b41e24485cea50d1cbac27 -> 
  custom:video-encoder-webm-vp8: eb34c28f22e8b96e1ab97ce403110664 -> 
  custom:video-codec-MediaFoundation-h265: 746d11721c4dcdbdad8f713fa42b33f4 -> 
  custom:video-decoder-webm-vp8: 9c59270c3fd7afecdb556c50c9e8de78 -> 
  custom:audio-decoder-ogg-vorbis: bf7c407c2cedff20999df2af8eb42d56 -> 
  custom:audio-encoder-webm-vorbis: bf7c407c2cedff20999df2af8eb42d56 -> 
========================================================================
Received Import Request.
  path: Assets/Art/Human base/beret.png
  artifactKey: Guid(e84da134d9d1400479906d1243fba4fc) Importer(815301076,1909f56bfc062723c751e8b465ee728b)
Start importing Assets/Art/Human base/beret.png using Guid(e84da134d9d1400479906d1243fba4fc) Importer(815301076,1909f56bfc062723c751e8b465ee728b)  -> (artifact id: 'b0fca5f27881229306fefaa69cbdd4ac') in 1.383785 seconds 
  Import took 1.391639 seconds .

========================================================================
Received Import Request.
  Time since last request: 0.000393 seconds.
  path: Assets/Art/Human base/hunter cap.png
  artifactKey: Guid(3cb8d5df34d21a640877205ae2ff0471) Importer(815301076,1909f56bfc062723c751e8b465ee728b)
Start importing Assets/Art/Human base/hunter cap.png using Guid(3cb8d5df34d21a640877205ae2ff0471) Importer(815301076,1909f56bfc062723c751e8b465ee728b)  -> (artifact id: '7eb393eda381b065fa23c81fad107b52') in 0.034753 seconds 
  Import took 0.041730 seconds .

========================================================================
Received Import Request.
  Time since last request: 0.000426 seconds.
  path: Assets/Art/Human base/pipe.png
  artifactKey: Guid(bc6ab33927ea3ac48b65ef32b1cad54f) Importer(815301076,1909f56bfc062723c751e8b465ee728b)
Start importing Assets/Art/Human base/pipe.png using Guid(bc6ab33927ea3ac48b65ef32b1cad54f) Importer(815301076,1909f56bfc062723c751e8b465ee728b)  -> (artifact id: 'baa5fab5f92a6eb6b2a873d24648f341') in 0.035538 seconds 
  Import took 0.040363 seconds .

========================================================================
Received Import Request.
  Time since last request: 0.000425 seconds.
  path: Assets/Art/Human base/cap.png
  artifactKey: Guid(793acbce631dd094f8eb7c8a17f599f3) Importer(815301076,1909f56bfc062723c751e8b465ee728b)
Start importing Assets/Art/Human base/cap.png using Guid(793acbce631dd094f8eb7c8a17f599f3) Importer(815301076,1909f56bfc062723c751e8b465ee728b)  -> (artifact id: '70d3773cd2652f8b32d0139498d6032f') in 0.028562 seconds 
  Import took 0.037177 seconds .

========================================================================
Received Import Request.
  Time since last request: 0.000370 seconds.
  path: Assets/Art/Human base/thug cap.png
  artifactKey: Guid(49750d2555eb28e4294c515b829ac3bb) Importer(815301076,1909f56bfc062723c751e8b465ee728b)
Start importing Assets/Art/Human base/thug cap.png using Guid(49750d2555eb28e4294c515b829ac3bb) Importer(815301076,1909f56bfc062723c751e8b465ee728b)  -> (artifact id: 'd6948090050b0844ba7c8f1dcbcf64a3') in 0.029027 seconds 
  Import took 0.034800 seconds .

========================================================================
Received Import Request.
  Time since last request: 0.000472 seconds.
  path: Assets/Art/Human base/bob.png
  artifactKey: Guid(045e1d26dabc3124aa5bebaec16667f0) Importer(815301076,1909f56bfc062723c751e8b465ee728b)
Start importing Assets/Art/Human base/bob.png using Guid(045e1d26dabc3124aa5bebaec16667f0) Importer(815301076,1909f56bfc062723c751e8b465ee728b)  -> (artifact id: '31d0413a93f863e39bd24e6de6f2a198') in 0.031018 seconds 
  Import took 0.036323 seconds .

========================================================================
Received Import Request.
  Time since last request: 0.000294 seconds.
  path: Assets/Art/Human base/glasses.png
  artifactKey: Guid(141b54afca3c82548a51e9231bb698c1) Importer(815301076,1909f56bfc062723c751e8b465ee728b)
Start importing Assets/Art/Human base/glasses.png using Guid(141b54afca3c82548a51e9231bb698c1) Importer(815301076,1909f56bfc062723c751e8b465ee728b)  -> (artifact id: '8004a34070b8e258dcac8830ddf166f9') in 0.029160 seconds 
  Import took 0.034541 seconds .

========================================================================
Received Import Request.
  Time since last request: 0.000342 seconds.
  path: Assets/Art/Human base/cowboy hat.png
  artifactKey: Guid(ed068fff3bb9cb44294dae77768efe17) Importer(815301076,1909f56bfc062723c751e8b465ee728b)
Start importing Assets/Art/Human base/cowboy hat.png using Guid(ed068fff3bb9cb44294dae77768efe17) Importer(815301076,1909f56bfc062723c751e8b465ee728b)  -> (artifact id: '67bb8e8da80795ec0eb77723533b7839') in 0.029147 seconds 
  Import took 0.034693 seconds .

========================================================================
Received Import Request.
  Time since last request: 0.000426 seconds.
  path: Assets/Art/Human base/french tshirt.png
  artifactKey: Guid(b00e58daf53637944bde7df6d75b8ba9) Importer(815301076,1909f56bfc062723c751e8b465ee728b)
Start importing Assets/Art/Human base/french tshirt.png using Guid(b00e58daf53637944bde7df6d75b8ba9) Importer(815301076,1909f56bfc062723c751e8b465ee728b)  -> (artifact id: '8f36ccad041e453998672233199b904e') in 0.027612 seconds 
  Import took 0.033113 seconds .

========================================================================
Received Import Request.
  Time since last request: 0.000335 seconds.
  path: Assets/Art/Human base/old beret.png
  artifactKey: Guid(c2665a9189681d7469c39faf5ac656c5) Importer(815301076,1909f56bfc062723c751e8b465ee728b)
Start importing Assets/Art/Human base/old beret.png using Guid(c2665a9189681d7469c39faf5ac656c5) Importer(815301076,1909f56bfc062723c751e8b465ee728b)  -> (artifact id: '6c5232fa9aff675e1e771f600c3a8b51') in 0.029653 seconds 
  Import took 0.036083 seconds .

========================================================================
Received Import Request.
  Time since last request: 0.000372 seconds.
  path: Assets/Art/Human base/Human base.psb
  artifactKey: Guid(48598dc91df06764eb7cb73edbdc07c5) Importer(815301076,1909f56bfc062723c751e8b465ee728b)
Start importing Assets/Art/Human base/Human base.psb using Guid(48598dc91df06764eb7cb73edbdc07c5) Importer(815301076,1909f56bfc062723c751e8b465ee728b)  -> (artifact id: 'eb0d9caa6f4dcc8056dc0cb8fc97536a') in 0.287813 seconds 
  Import took 0.298953 seconds .

========================================================================
Received Import Request.
  Time since last request: 0.000578 seconds.
  path: Assets/Art/Human base/dandy hat.png
  artifactKey: Guid(f4ca780b46ab0c94a8b31b1f22bfedb6) Importer(815301076,1909f56bfc062723c751e8b465ee728b)
Start importing Assets/Art/Human base/dandy hat.png using Guid(f4ca780b46ab0c94a8b31b1f22bfedb6) Importer(815301076,1909f56bfc062723c751e8b465ee728b)  -> (artifact id: '282d6b2cf11c593189891723fc04d61e') in 0.035055 seconds 
  Import took 0.044559 seconds .

========================================================================
Received Import Request.
  Time since last request: 0.000369 seconds.
  path: Assets/Art/Human base/straw hat.png
  artifactKey: Guid(aafaf01cf4fa47b48b4d872b3b4434dd) Importer(815301076,1909f56bfc062723c751e8b465ee728b)
Start importing Assets/Art/Human base/straw hat.png using Guid(aafaf01cf4fa47b48b4d872b3b4434dd) Importer(815301076,1909f56bfc062723c751e8b465ee728b)  -> (artifact id: 'ce4e209f7d97dbd5a3fc32f25a51ad2d') in 0.032546 seconds 
  Import took 0.039800 seconds .

========================================================================
Received Import Request.
  Time since last request: 0.000440 seconds.
  path: Assets/Art/Human base/baguette.png
  artifactKey: Guid(973a5a82f102bdf4b8bb790e2db27d99) Importer(815301076,1909f56bfc062723c751e8b465ee728b)
Start importing Assets/Art/Human base/baguette.png using Guid(973a5a82f102bdf4b8bb790e2db27d99) Importer(815301076,1909f56bfc062723c751e8b465ee728b)  -> (artifact id: '26aa5d37a6a65a92b47175951b8f9c78') in 0.038973 seconds 
  Import took 0.045553 seconds .

========================================================================
Received Import Request.
  Time since last request: 0.000342 seconds.
  path: Assets/Art/Human base/hat.png
  artifactKey: Guid(b259d7131e43589439822fddc1ad65f4) Importer(815301076,1909f56bfc062723c751e8b465ee728b)
Start importing Assets/Art/Human base/hat.png using Guid(b259d7131e43589439822fddc1ad65f4) Importer(815301076,1909f56bfc062723c751e8b465ee728b)  -> (artifact id: '24ac1302ea2cd1f8105f99168a73644d') in 0.035352 seconds 
  Import took 0.042460 seconds .

========================================================================
Received Import Request.
  Time since last request: 248.327245 seconds.
  path: Assets/Art/Human base/Human base.psb
  artifactKey: Guid(48598dc91df06764eb7cb73edbdc07c5) Importer(815301076,1909f56bfc062723c751e8b465ee728b)
Start importing Assets/Art/Human base/Human base.psb using Guid(48598dc91df06764eb7cb73edbdc07c5) Importer(815301076,1909f56bfc062723c751e8b465ee728b)  -> (artifact id: 'f7704faf01ee139fafb5b0f433cc9561') in 0.208225 seconds 
  Import took 0.220663 seconds .

========================================================================
Received Import Request.
  Time since last request: 269.985699 seconds.
  path: Assets/Art/Human base/Human base.psb
  artifactKey: Guid(48598dc91df06764eb7cb73edbdc07c5) Importer(815301076,1909f56bfc062723c751e8b465ee728b)
Start importing Assets/Art/Human base/Human base.psb using Guid(48598dc91df06764eb7cb73edbdc07c5) Importer(815301076,1909f56bfc062723c751e8b465ee728b)  -> (artifact id: '97e6c2d2504d6450e37e5d6e017ae7e6') in 0.247073 seconds 
  Import took 0.259229 seconds .

========================================================================
Received Import Request.
  Time since last request: 460.355347 seconds.
  path: Assets/Prefabs/Characters/Chaos v1.prefab
  artifactKey: Guid(ff043ffae804d024f908f42a9c1c475f) Importer(815301076,1909f56bfc062723c751e8b465ee728b)
Start importing Assets/Prefabs/Characters/Chaos v1.prefab using Guid(ff043ffae804d024f908f42a9c1c475f) Importer(815301076,1909f56bfc062723c751e8b465ee728b)  -> (artifact id: '4f296a8c9e0bed2f3f9de19d3ef6efaf') in 0.067065 seconds 
  Import took 0.074207 seconds .

========================================================================
Received Import Request.
  Time since last request: 0.000382 seconds.
  path: Assets/Prefabs/Characters/Hero_All.prefab
  artifactKey: Guid(82517bbb989adba48bb1cdf9281a45fd) Importer(815301076,1909f56bfc062723c751e8b465ee728b)
Start importing Assets/Prefabs/Characters/Hero_All.prefab using Guid(82517bbb989adba48bb1cdf9281a45fd) Importer(815301076,1909f56bfc062723c751e8b465ee728b)  -> (artifact id: 'd0445ad16e009ad992b9bb569f9a4a9a') in 0.052422 seconds 
  Import took 0.059483 seconds .

========================================================================
Received Import Request.
  Time since last request: 0.000417 seconds.
  path: Assets/Prefabs/Characters/Ghost_All.prefab
  artifactKey: Guid(62d85fb63e40e924d8b30b2d0b574df8) Importer(815301076,1909f56bfc062723c751e8b465ee728b)
Start importing Assets/Prefabs/Characters/Ghost_All.prefab using Guid(62d85fb63e40e924d8b30b2d0b574df8) Importer(815301076,1909f56bfc062723c751e8b465ee728b)  -> (artifact id: '3da07422fa4b117be8bf875136008a83') in 0.010133 seconds 
  Import took 0.015337 seconds .

========================================================================
Received Import Request.
  Time since last request: 0.000439 seconds.
  path: Assets/Prefabs/Characters/Human.prefab
  artifactKey: Guid(4ba42f5a1ee9b5a4295ca76110c2489c) Importer(815301076,1909f56bfc062723c751e8b465ee728b)
Start importing Assets/Prefabs/Characters/Human.prefab using Guid(4ba42f5a1ee9b5a4295ca76110c2489c) Importer(815301076,1909f56bfc062723c751e8b465ee728b)  -> (artifact id: '1cfd16fb0d62ae32700dea51506ae8f0') in 0.044283 seconds 
  Import took 0.050185 seconds .

========================================================================
Received Import Request.
  Time since last request: 0.000401 seconds.
  path: Assets/Prefabs/Characters/Ghost_All.prefab
  artifactKey: Guid(62d85fb63e40e924d8b30b2d0b574df8) Importer(815301076,1909f56bfc062723c751e8b465ee728b)
Start importing Assets/Prefabs/Characters/Ghost_All.prefab using Guid(62d85fb63e40e924d8b30b2d0b574df8) Importer(815301076,1909f56bfc062723c751e8b465ee728b)  -> (artifact id: '3da07422fa4b117be8bf875136008a83') in 0.011012 seconds 
  Import took 0.017222 seconds .

========================================================================
Received Import Request.
  Time since last request: 0.000334 seconds.
  path: Assets/Prefabs/Characters/Hero v1.prefab
  artifactKey: Guid(9b8ae278beac8ee49ac657fb12a83a12) Importer(815301076,1909f56bfc062723c751e8b465ee728b)
Start importing Assets/Prefabs/Characters/Hero v1.prefab using Guid(9b8ae278beac8ee49ac657fb12a83a12) Importer(815301076,1909f56bfc062723c751e8b465ee728b)  -> (artifact id: '180d2bb764fe585fdbb6da67329db822') in 0.040439 seconds 
  Import took 0.045800 seconds .

========================================================================
Received Import Request.
  Time since last request: 0.000319 seconds.
  path: Assets/Prefabs/Characters/Monster v1.prefab
  artifactKey: Guid(46a5931bb61b9f44998f7f5ec024f8df) Importer(815301076,1909f56bfc062723c751e8b465ee728b)
Start importing Assets/Prefabs/Characters/Monster v1.prefab using Guid(46a5931bb61b9f44998f7f5ec024f8df) Importer(815301076,1909f56bfc062723c751e8b465ee728b)  -> (artifact id: 'c5b01355dd3bfc59880bca051fafacd9') in 0.068473 seconds 
  Import took 0.076878 seconds .

========================================================================
Received Import Request.
  Time since last request: 0.000436 seconds.
  path: Assets/Prefabs/Characters/Monster_All.prefab
  artifactKey: Guid(cb5f085f41fec82458d006229d5fda1a) Importer(815301076,1909f56bfc062723c751e8b465ee728b)
Start importing Assets/Prefabs/Characters/Monster_All.prefab using Guid(cb5f085f41fec82458d006229d5fda1a) Importer(815301076,1909f56bfc062723c751e8b465ee728b)  -> (artifact id: 'f0ec5944fed480168570d534b877b878') in 0.041549 seconds 
  Import took 0.049592 seconds .

========================================================================
Received Import Request.
  Time since last request: 6.540117 seconds.
  path: Assets/Prefabs/Characters/Human base.prefab
  artifactKey: Guid(65cadf6b5641ac34f9a151d39d9c970b) Importer(815301076,1909f56bfc062723c751e8b465ee728b)
Start importing Assets/Prefabs/Characters/Human base.prefab using Guid(65cadf6b5641ac34f9a151d39d9c970b) Importer(815301076,1909f56bfc062723c751e8b465ee728b) The Animator Controller (Human base) you have used is not valid. Animations will not play
UnityEngine.StackTraceUtility:ExtractStackTrace ()
UnityEditor.EditorUtility:Internal_InstantiateRemoveAllNonAnimationComponentsSingle (UnityEngine.Object,UnityEngine.Vector3,UnityEngine.Quaternion)
UnityEditor.EditorUtility:InstantiateRemoveAllNonAnimationComponents (UnityEngine.Object,UnityEngine.Vector3,UnityEngine.Quaternion)
UnityEditor.EditorUtility:InstantiateForAnimatorPreview (UnityEngine.Object)
UnityEditor.GameObjectInspector/PreviewData:UpdateGameObject (UnityEngine.Object)
UnityEditor.GameObjectInspector/PreviewData:.ctor (UnityEngine.Object)
UnityEditor.GameObjectInspector:GetPreviewData ()
UnityEditor.GameObjectInspector:RenderStaticPreview (string,UnityEngine.Object[],int,int)
UnityEditor.AssetPreviewUpdater:CreatePreviewForAsset (UnityEngine.Object,UnityEngine.Object[],string)

[C:\buildslave\unity\build\Modules/Animation/Director/AnimatorControllerPlayable.cpp line 333]

The Animator Controller (Human base) you have used is not valid. Animations will not play
UnityEngine.StackTraceUtility:ExtractStackTrace ()
UnityEditor.EditorUtility:InitInstantiatedPreviewRecursive (UnityEngine.GameObject)
UnityEditor.EditorUtility:InstantiateForAnimatorPreview (UnityEngine.Object)
UnityEditor.GameObjectInspector/PreviewData:UpdateGameObject (UnityEngine.Object)
UnityEditor.GameObjectInspector/PreviewData:.ctor (UnityEngine.Object)
UnityEditor.GameObjectInspector:GetPreviewData ()
UnityEditor.GameObjectInspector:RenderStaticPreview (string,UnityEngine.Object[],int,int)
UnityEditor.AssetPreviewUpdater:CreatePreviewForAsset (UnityEngine.Object,UnityEngine.Object[],string)

[C:\buildslave\unity\build\Modules/Animation/Director/AnimatorControllerPlayable.cpp line 333]

 -> (artifact id: '27e68e8e204cfafb02e87ad44170f4be') in 0.043602 seconds 
  Import took 0.051017 seconds .

========================================================================
Received Import Request.
  Time since last request: 0.021046 seconds.
  path: Assets/Prefabs/Characters/Human base.prefab
  artifactKey: Guid(65cadf6b5641ac34f9a151d39d9c970b) Importer(815301076,1909f56bfc062723c751e8b465ee728b)
Start importing Assets/Prefabs/Characters/Human base.prefab using Guid(65cadf6b5641ac34f9a151d39d9c970b) Importer(815301076,1909f56bfc062723c751e8b465ee728b) The Animator Controller (Human base) you have used is not valid. Animations will not play
UnityEngine.StackTraceUtility:ExtractStackTrace ()
UnityEditor.EditorUtility:Internal_InstantiateRemoveAllNonAnimationComponentsSingle (UnityEngine.Object,UnityEngine.Vector3,UnityEngine.Quaternion)
UnityEditor.EditorUtility:InstantiateRemoveAllNonAnimationComponents (UnityEngine.Object,UnityEngine.Vector3,UnityEngine.Quaternion)
UnityEditor.EditorUtility:InstantiateForAnimatorPreview (UnityEngine.Object)
UnityEditor.GameObjectInspector/PreviewData:UpdateGameObject (UnityEngine.Object)
UnityEditor.GameObjectInspector/PreviewData:.ctor (UnityEngine.Object)
UnityEditor.GameObjectInspector:GetPreviewData ()
UnityEditor.GameObjectInspector:RenderStaticPreview (string,UnityEngine.Object[],int,int)
UnityEditor.AssetPreviewUpdater:CreatePreviewForAsset (UnityEngine.Object,UnityEngine.Object[],string)

[C:\buildslave\unity\build\Modules/Animation/Director/AnimatorControllerPlayable.cpp line 333]

The Animator Controller (Human base) you have used is not valid. Animations will not play
UnityEngine.StackTraceUtility:ExtractStackTrace ()
UnityEditor.EditorUtility:InitInstantiatedPreviewRecursive (UnityEngine.GameObject)
UnityEditor.EditorUtility:InstantiateForAnimatorPreview (UnityEngine.Object)
UnityEditor.GameObjectInspector/PreviewData:UpdateGameObject (UnityEngine.Object)
UnityEditor.GameObjectInspector/PreviewData:.ctor (UnityEngine.Object)
UnityEditor.GameObjectInspector:GetPreviewData ()
UnityEditor.GameObjectInspector:RenderStaticPreview (string,UnityEngine.Object[],int,int)
UnityEditor.AssetPreviewUpdater:CreatePreviewForAsset (UnityEngine.Object,UnityEngine.Object[],string)

[C:\buildslave\unity\build\Modules/Animation/Director/AnimatorControllerPlayable.cpp line 333]

 -> (artifact id: '27e68e8e204cfafb02e87ad44170f4be') in 0.042038 seconds 
  Import took 0.048083 seconds .

========================================================================
Received Prepare
Refreshing native plugins compatible for Editor in 93.66 ms, found 5 plugins.
Preloading 0 native plugins for Editor in 0.00 ms.
Unloading 70 Unused Serialized files (Serialized files now loaded: 0)
System memory in use before: 63.9 MB.
System memory in use after: 64.1 MB.

Unloading 70 unused Assets to reduce memory usage. Loaded Objects now: 2792.
Total: 24.541100 ms (FindLiveObjects: 0.690800 ms CreateObjectMapping: 0.228800 ms MarkObjects: 23.557900 ms  DeleteObjects: 0.061300 ms)

AssetImportParameters requested are different than current active one (requested -> active):
  custom:framework-win-MediaFoundation: 216162199b28c13a410421893ffa2e32 -> 
  custom:video-decoder-ogg-theora: a1e56fd34408186e4bbccfd4996cb3dc -> 
  custom:container-muxer-webm: aa71ff27fc2769a1b78a27578f13a17b -> 
  custom:container-demuxer-webm: 4f35f7cbe854078d1ac9338744f61a02 -> 
  custom:container-demuxer-ogg: 62fdf1f143b41e24485cea50d1cbac27 -> 
  custom:video-encoder-webm-vp8: eb34c28f22e8b96e1ab97ce403110664 -> 
  custom:video-codec-MediaFoundation-h265: 746d11721c4dcdbdad8f713fa42b33f4 -> 
  custom:video-decoder-webm-vp8: 9c59270c3fd7afecdb556c50c9e8de78 -> 
  custom:audio-decoder-ogg-vorbis: bf7c407c2cedff20999df2af8eb42d56 -> 
  custom:audio-encoder-webm-vorbis: bf7c407c2cedff20999df2af8eb42d56 -> 
========================================================================
Received Prepare
Registering precompiled user dll's ...
Registered in 0.033962 seconds.
Begin MonoManager ReloadAssembly
Native extension for WindowsStandalone target not found
Refreshing native plugins compatible for Editor in 1.36 ms, found 5 plugins.
Preloading 0 native plugins for Editor in 0.00 ms.
Mono: successfully reloaded assembly
- Completed reload, in  2.768 seconds
Domain Reload Profiling:
	ReloadAssembly (2770ms)
		BeginReloadAssembly (405ms)
			ExecutionOrderSort (0ms)
			DisableScriptedObjects (16ms)
			BackupInstance (0ms)
			ReleaseScriptingObjects (0ms)
			CreateAndSetChildDomain (127ms)
		EndReloadAssembly (2204ms)
			LoadAssemblies (362ms)
			RebuildTransferFunctionScriptingTraits (0ms)
			SetupTypeCache (672ms)
			ReleaseScriptCaches (3ms)
			RebuildScriptCaches (95ms)
			SetupLoadedEditorAssemblies (885ms)
				LogAssemblyErrors (0ms)
				InitializePlatformSupportModulesInManaged (11ms)
				SetLoadedEditorAssemblies (1ms)
				RefreshPlugins (1ms)
				BeforeProcessingInitializeOnLoad (148ms)
				ProcessInitializeOnLoadAttributes (682ms)
				ProcessInitializeOnLoadMethodAttributes (23ms)
				AfterProcessingInitializeOnLoad (18ms)
				EditorAssembliesLoaded (0ms)
			ExecutionOrderSort2 (0ms)
			AwakeInstancesAfterBackupRestoration (27ms)
Platform modules already initialized, skipping
Refreshing native plugins compatible for Editor in 1.60 ms, found 5 plugins.
Preloading 0 native plugins for Editor in 0.00 ms.
Unloading 2358 Unused Serialized files (Serialized files now loaded: 0)
System memory in use before: 106.9 MB.
System memory in use after: 107.1 MB.

Unloading 72 unused Assets to reduce memory usage. Loaded Objects now: 2795.
Total: 4.983700 ms (FindLiveObjects: 0.378500 ms CreateObjectMapping: 0.171300 ms MarkObjects: 4.383600 ms  DeleteObjects: 0.048900 ms)

AssetImportParameters requested are different than current active one (requested -> active):
  custom:framework-win-MediaFoundation: 216162199b28c13a410421893ffa2e32 -> 
  custom:video-decoder-ogg-theora: a1e56fd34408186e4bbccfd4996cb3dc -> 
  custom:container-muxer-webm: aa71ff27fc2769a1b78a27578f13a17b -> 
  custom:container-demuxer-webm: 4f35f7cbe854078d1ac9338744f61a02 -> 
  custom:container-demuxer-ogg: 62fdf1f143b41e24485cea50d1cbac27 -> 
  custom:video-encoder-webm-vp8: eb34c28f22e8b96e1ab97ce403110664 -> 
  custom:video-codec-MediaFoundation-h265: 746d11721c4dcdbdad8f713fa42b33f4 -> 
  custom:video-decoder-webm-vp8: 9c59270c3fd7afecdb556c50c9e8de78 -> 
  custom:audio-decoder-ogg-vorbis: bf7c407c2cedff20999df2af8eb42d56 -> 
  custom:audio-encoder-webm-vorbis: bf7c407c2cedff20999df2af8eb42d56 -> 
========================================================================
Received Prepare
Refreshing native plugins compatible for Editor in 48.23 ms, found 5 plugins.
Preloading 0 native plugins for Editor in 0.00 ms.
Unloading 70 Unused Serialized files (Serialized files now loaded: 0)
System memory in use before: 60.9 MB.
System memory in use after: 61.1 MB.

Unloading 70 unused Assets to reduce memory usage. Loaded Objects now: 2795.
Total: 4.759200 ms (FindLiveObjects: 0.342900 ms CreateObjectMapping: 0.179900 ms MarkObjects: 4.181900 ms  DeleteObjects: 0.052200 ms)

AssetImportParameters requested are different than current active one (requested -> active):
  custom:framework-win-MediaFoundation: 216162199b28c13a410421893ffa2e32 -> 
  custom:video-decoder-ogg-theora: a1e56fd34408186e4bbccfd4996cb3dc -> 
  custom:container-muxer-webm: aa71ff27fc2769a1b78a27578f13a17b -> 
  custom:container-demuxer-webm: 4f35f7cbe854078d1ac9338744f61a02 -> 
  custom:container-demuxer-ogg: 62fdf1f143b41e24485cea50d1cbac27 -> 
  custom:video-encoder-webm-vp8: eb34c28f22e8b96e1ab97ce403110664 -> 
  custom:video-codec-MediaFoundation-h265: 746d11721c4dcdbdad8f713fa42b33f4 -> 
  custom:video-decoder-webm-vp8: 9c59270c3fd7afecdb556c50c9e8de78 -> 
  custom:audio-decoder-ogg-vorbis: bf7c407c2cedff20999df2af8eb42d56 -> 
  custom:audio-encoder-webm-vorbis: bf7c407c2cedff20999df2af8eb42d56 -> 
========================================================================
Received Prepare
Registering precompiled user dll's ...
Registered in 0.050365 seconds.
Begin MonoManager ReloadAssembly
Native extension for WindowsStandalone target not found
Refreshing native plugins compatible for Editor in 3.47 ms, found 5 plugins.
Preloading 0 native plugins for Editor in 0.00 ms.
Mono: successfully reloaded assembly
- Completed reload, in  3.069 seconds
Domain Reload Profiling:
	ReloadAssembly (3071ms)
		BeginReloadAssembly (292ms)
			ExecutionOrderSort (0ms)
			DisableScriptedObjects (12ms)
			BackupInstance (0ms)
			ReleaseScriptingObjects (0ms)
			CreateAndSetChildDomain (83ms)
		EndReloadAssembly (2597ms)
			LoadAssemblies (341ms)
			RebuildTransferFunctionScriptingTraits (0ms)
			SetupTypeCache (796ms)
			ReleaseScriptCaches (3ms)
			RebuildScriptCaches (176ms)
			SetupLoadedEditorAssemblies (983ms)
				LogAssemblyErrors (0ms)
				InitializePlatformSupportModulesInManaged (11ms)
				SetLoadedEditorAssemblies (1ms)
				RefreshPlugins (4ms)
				BeforeProcessingInitializeOnLoad (169ms)
				ProcessInitializeOnLoadAttributes (750ms)
				ProcessInitializeOnLoadMethodAttributes (25ms)
				AfterProcessingInitializeOnLoad (22ms)
				EditorAssembliesLoaded (0ms)
			ExecutionOrderSort2 (0ms)
			AwakeInstancesAfterBackupRestoration (24ms)
Platform modules already initialized, skipping
Refreshing native plugins compatible for Editor in 1.23 ms, found 5 plugins.
Preloading 0 native plugins for Editor in 0.00 ms.
Unloading 2358 Unused Serialized files (Serialized files now loaded: 0)
System memory in use before: 106.9 MB.
System memory in use after: 107.1 MB.

Unloading 72 unused Assets to reduce memory usage. Loaded Objects now: 2798.
Total: 6.594700 ms (FindLiveObjects: 0.328900 ms CreateObjectMapping: 0.204600 ms MarkObjects: 5.993000 ms  DeleteObjects: 0.065700 ms)

AssetImportParameters requested are different than current active one (requested -> active):
  custom:framework-win-MediaFoundation: 216162199b28c13a410421893ffa2e32 -> 
  custom:video-decoder-ogg-theora: a1e56fd34408186e4bbccfd4996cb3dc -> 
  custom:container-muxer-webm: aa71ff27fc2769a1b78a27578f13a17b -> 
  custom:container-demuxer-webm: 4f35f7cbe854078d1ac9338744f61a02 -> 
  custom:container-demuxer-ogg: 62fdf1f143b41e24485cea50d1cbac27 -> 
  custom:video-encoder-webm-vp8: eb34c28f22e8b96e1ab97ce403110664 -> 
  custom:video-codec-MediaFoundation-h265: 746d11721c4dcdbdad8f713fa42b33f4 -> 
  custom:video-decoder-webm-vp8: 9c59270c3fd7afecdb556c50c9e8de78 -> 
  custom:audio-decoder-ogg-vorbis: bf7c407c2cedff20999df2af8eb42d56 -> 
  custom:audio-encoder-webm-vorbis: bf7c407c2cedff20999df2af8eb42d56 -> 
========================================================================
Received Prepare
Refreshing native plugins compatible for Editor in 49.58 ms, found 5 plugins.
Preloading 0 native plugins for Editor in 0.00 ms.
Unloading 70 Unused Serialized files (Serialized files now loaded: 0)
System memory in use before: 60.9 MB.
System memory in use after: 61.2 MB.

Unloading 70 unused Assets to reduce memory usage. Loaded Objects now: 2798.
Total: 5.000000 ms (FindLiveObjects: 0.281400 ms CreateObjectMapping: 0.156900 ms MarkObjects: 4.506100 ms  DeleteObjects: 0.054300 ms)

AssetImportParameters requested are different than current active one (requested -> active):
  custom:framework-win-MediaFoundation: 216162199b28c13a410421893ffa2e32 -> 
  custom:video-decoder-ogg-theora: a1e56fd34408186e4bbccfd4996cb3dc -> 
  custom:container-muxer-webm: aa71ff27fc2769a1b78a27578f13a17b -> 
  custom:container-demuxer-webm: 4f35f7cbe854078d1ac9338744f61a02 -> 
  custom:container-demuxer-ogg: 62fdf1f143b41e24485cea50d1cbac27 -> 
  custom:video-encoder-webm-vp8: eb34c28f22e8b96e1ab97ce403110664 -> 
  custom:video-codec-MediaFoundation-h265: 746d11721c4dcdbdad8f713fa42b33f4 -> 
  custom:video-decoder-webm-vp8: 9c59270c3fd7afecdb556c50c9e8de78 -> 
  custom:audio-decoder-ogg-vorbis: bf7c407c2cedff20999df2af8eb42d56 -> 
  custom:audio-encoder-webm-vorbis: bf7c407c2cedff20999df2af8eb42d56 -> 
========================================================================
Received Prepare
Registering precompiled user dll's ...
Registered in 0.022778 seconds.
Begin MonoManager ReloadAssembly
Native extension for WindowsStandalone target not found
Refreshing native plugins compatible for Editor in 2.70 ms, found 5 plugins.
Preloading 0 native plugins for Editor in 0.00 ms.
Mono: successfully reloaded assembly
- Completed reload, in  2.819 seconds
Domain Reload Profiling:
	ReloadAssembly (2820ms)
		BeginReloadAssembly (284ms)
			ExecutionOrderSort (0ms)
			DisableScriptedObjects (19ms)
			BackupInstance (0ms)
			ReleaseScriptingObjects (0ms)
			CreateAndSetChildDomain (73ms)
		EndReloadAssembly (2379ms)
			LoadAssemblies (299ms)
			RebuildTransferFunctionScriptingTraits (0ms)
			SetupTypeCache (737ms)
			ReleaseScriptCaches (1ms)
			RebuildScriptCaches (131ms)
			SetupLoadedEditorAssemblies (970ms)
				LogAssemblyErrors (0ms)
				InitializePlatformSupportModulesInManaged (15ms)
				SetLoadedEditorAssemblies (1ms)
				RefreshPlugins (3ms)
				BeforeProcessingInitializeOnLoad (163ms)
				ProcessInitializeOnLoadAttributes (749ms)
				ProcessInitializeOnLoadMethodAttributes (21ms)
				AfterProcessingInitializeOnLoad (18ms)
				EditorAssembliesLoaded (1ms)
			ExecutionOrderSort2 (0ms)
			AwakeInstancesAfterBackupRestoration (29ms)
Platform modules already initialized, skipping
Refreshing native plugins compatible for Editor in 1.51 ms, found 5 plugins.
Preloading 0 native plugins for Editor in 0.00 ms.
Unloading 2358 Unused Serialized files (Serialized files now loaded: 0)
System memory in use before: 106.9 MB.
System memory in use after: 107.1 MB.

Unloading 72 unused Assets to reduce memory usage. Loaded Objects now: 2801.
Total: 7.323300 ms (FindLiveObjects: 0.380500 ms CreateObjectMapping: 0.188500 ms MarkObjects: 6.676400 ms  DeleteObjects: 0.076000 ms)

AssetImportParameters requested are different than current active one (requested -> active):
  custom:framework-win-MediaFoundation: 216162199b28c13a410421893ffa2e32 -> 
  custom:video-decoder-ogg-theora: a1e56fd34408186e4bbccfd4996cb3dc -> 
  custom:container-muxer-webm: aa71ff27fc2769a1b78a27578f13a17b -> 
  custom:container-demuxer-webm: 4f35f7cbe854078d1ac9338744f61a02 -> 
  custom:container-demuxer-ogg: 62fdf1f143b41e24485cea50d1cbac27 -> 
  custom:video-encoder-webm-vp8: eb34c28f22e8b96e1ab97ce403110664 -> 
  custom:video-codec-MediaFoundation-h265: 746d11721c4dcdbdad8f713fa42b33f4 -> 
  custom:video-decoder-webm-vp8: 9c59270c3fd7afecdb556c50c9e8de78 -> 
  custom:audio-decoder-ogg-vorbis: bf7c407c2cedff20999df2af8eb42d56 -> 
  custom:audio-encoder-webm-vorbis: bf7c407c2cedff20999df2af8eb42d56 -> 
AssetImportWorkerClient::OnTransportError - code=2 error=End of file
