Using pre-set license
Built from '2020.3/staging' branch; Version is '2020.3.16f1 (049d6eca3c44) revision 302446'; Using compiler version '192528614'; Build Type 'Release'
OS: 'Windows 10 Pro; OS build 19042.1110; Version 2009; 64bit' Language: 'fr' Physical Memory: 16348 MB
BatchMode: 1, IsHumanControllingUs: 0, StartBugReporterOnCrash: 0, Is64bit: 1, IsPro: 0

 COMMAND LINE ARGUMENTS:
C:\Program Files\Unity\Hub\Editor\2020.3.16f1\Editor\Unity.exe
-adb2
-batchMode
-noUpm
-name
AssetImportWorker0
-projectPath
T:/Git/Jam_Brackeys_2021_2/Jam_Brackeys_2021_2/JAM_Brackeys_2021_2
-logFile
Logs/AssetImportWorker0.log
-srvPort
57852
Successfully changed project path to: T:/Git/Jam_Brackeys_2021_2/Jam_Brackeys_2021_2/JAM_Brackeys_2021_2
T:/Git/Jam_Brackeys_2021_2/Jam_Brackeys_2021_2/JAM_Brackeys_2021_2
Using Asset Import Pipeline V2.
Refreshing native plugins compatible for Editor in 78.96 ms, found 5 plugins.
Preloading 0 native plugins for Editor in 0.00 ms.
Initialize engine version: 2020.3.16f1 (049d6eca3c44)
[Subsystems] Discovering subsystems at path C:/Program Files/Unity/Hub/Editor/2020.3.16f1/Editor/Data/Resources/UnitySubsystems
[Subsystems] Discovering subsystems at path T:/Git/Jam_Brackeys_2021_2/Jam_Brackeys_2021_2/JAM_Brackeys_2021_2/Assets
GfxDevice: creating device client; threaded=0
Renderer: NVIDIA GeForce GTX 1060 6GB/PCIe/SSE2
Vendor:   NVIDIA Corporation
Version:  OpenGL ES 3.2 NVIDIA 466.27
GLES:     3
 GL_EXT_base_instance GL_EXT_blend_func_extended GL_EXT_blend_minmax GL_EXT_buffer_storage GL_EXT_clear_texture GL_EXT_clip_control GL_EXT_clip_cull_distance GL_EXT_color_buffer_float GL_EXT_color_buffer_half_float GL_EXT_conservative_depth GL_EXT_copy_image GL_EXT_depth_clamp GL_EXT_debug_label GL_EXT_discard_framebuffer GL_EXT_disjoint_timer_query GL_EXT_draw_buffers_indexed GL_EXT_draw_elements_base_vertex GL_EXT_EGL_image_external_wrap_modes GL_EXT_float_blend GL_EXT_frag_depth GL_EXT_geometry_point_size GL_EXT_geometry_shader GL_EXT_gpu_shader5 GL_EXT_map_buffer_range GL_EXT_multi_draw_indirect GL_EXT_multisample_compatibility GL_EXT_multiview_texture_multisample GL_EXT_multiview_timer_query GL_EXT_occlusion_query_boolean GL_EXT_polygon_offset_clamp GL_EXT_post_depth_coverage GL_EXT_primitive_bounding_box GL_EXT_raster_multisample GL_EXT_render_snorm GL_EXT_robustness GL_EXT_separate_shader_objects GL_EXT_shader_group_vote GL_EXT_shader_implicit_conversions GL_EXT_shader_integer_mix GL_EXT_shader_io_blo
cks GL_EXT_shader_non_constant_global_initializers GL_EXT_shader_texture_lod GL_EXT_shadow_samplers GL_EXT_sparse_texture GL_EXT_sparse_texture2 GL_EXT_sRGB GL_EXT_sRGB_write_control GL_EXT_tessellation_point_size GL_EXT_tessellation_shader GL_EXT_texture_border_clamp GL_EXT_texture_buffer GL_EXT_texture_compression_bptc GL_EXT_texture_compression_dxt1 GL_EXT_texture_compression_rgtc GL_EXT_texture_compression_s3tc GL_EXT_texture_cube_map_array GL_EXT_texture_filter_anisotropic GL_EXT_texture_filter_minmax GL_EXT_texture_format_BGRA8888 GL_EXT_texture_mirror_clamp_to_edge GL_EXT_texture_norm16 GL_EXT_texture_query_lod GL_EXT_texture_rg GL_EXT_texture_shadow_lod GL_EXT_texture_sRGB_R8 GL_EXT_texture_sRGB_decode GL_EXT_texture_storage GL_EXT_texture_view GL_EXT_draw_transform_feedback GL_EXT_unpack_subimage GL_EXT_window_rectangles GL_KHR_context_flush_control GL_KHR_debug GL_EXT_memory_object GL_EXT_memory_object_win32 GL_NV_memory_object_sparse GL_EXT_win32_keyed_mutex GL_KHR_parallel_shader_compile GL_KHR_n
o_error GL_KHR_robust_buffer_access_behavior GL_KHR_robustness GL_EXT_semaphore GL_EXT_semaphore_win32 GL_NV_timeline_semaphore GL_KHR_shader_subgroup GL_KHR_texture_compression_astc_ldr GL_KHR_texture_compression_astc_sliced_3d GL_NV_bgr GL_NV_bindless_texture GL_NV_blend_equation_advanced GL_NV_blend_equation_advanced_coherent GL_NVX_blend_equation_advanced_multi_draw_buffers GL_NV_blend_minmax_factor GL_NV_clip_space_w_scaling GL_NV_conditional_render GL_NV_conservative_raster GL_NV_conservative_raster_pre_snap_triangles GL_NV_copy_buffer GL_NV_copy_image GL_NV_draw_buffers GL_NV_draw_instanced GL_NV_draw_texture GL_NV_draw_vulkan_image GL_NV_explicit_attrib_location GL_NV_fbo_color_attachments GL_NV_fill_rectangle GL_NV_fragment_coverage_to_color GL_NV_fragment_shader_interlock GL_NV_framebuffer_blit GL_NV_framebuffer_mixed_samples GL_NV_framebuffer_multisample GL_NV_generate_mipmap_sRGB GL_NV_geometry_shader_passthrough GL_NV_instanced_arrays GL_NV_internalformat_sample_query GL_NV_gpu_shader5 GL_NV_ima
ge_formats GL_NV_memory_attachment GL_NV_occlusion_query_samples GL_NV_non_square_matrices GL_NV_pack_subimage GL_NV_packed_float GL_NV_packed_float_linear GL_NV_path_rendering GL_NV_path_rendering_shared_edge GL_NV_pixel_buffer_object GL_NV_polygon_mode GL_NV_read_buffer GL_NV_read_depth GL_NV_read_depth_stencil GL_NV_read_stencil GL_NV_sample_locations GL_NV_sample_mask_override_coverage GL_NV_shader_atomic_fp16_vector GL_NV_shader_noperspective_interpolation GL_NV_shader_subgroup_partitioned GL_NV_shadow_samplers_array GL_NV_shadow_samplers_cube GL_NV_sRGB_formats GL_NV_stereo_view_rendering GL_NV_texture_array GL_NV_texture_barrier GL_NV_texture_border_clamp GL_NV_texture_compression_latc GL_NV_texture_compression_s3tc GL_NV_texture_compression_s3tc_update GL_NV_timer_query GL_NV_viewport_array GL_NV_viewport_array2 GL_NV_viewport_swizzle GL_KHR_blend_equation_advanced GL_KHR_blend_equation_advanced_coherent GL_OES_compressed_ETC1_RGB8_texture GL_EXT_compressed_ETC1_RGB8_sub_texture GL_OES_depth24 GL_OES
_depth32 GL_OES_depth_texture GL_OES_depth_texture_cube_map GL_OES_copy_image GL_OES_draw_buffers_indexed GL_OES_draw_elements_base_vertex GL_OES_texture_border_clamp GL_OES_tessellation_point_size GL_OES_tessellation_shader GL_OES_texture_buffer GL_OES_geometry_point_size GL_OES_geometry_shader GL_OES_gpu_shader5 GL_OES_shader_io_blocks GL_OES_texture_view GL_OES_primitive_bounding_box GL_OES_element_index_uint GL_OES_fbo_render_mipmap GL_OES_get_program_binary GL_OES_mapbuffer GL_OES_packed_depth_stencil GL_OES_rgb8_rgba8 GL_OES_sample_shading GL_OES_sample_variables GL_OES_shader_image_atomic GL_OES_shader_multisample_interpolation GL_OES_standard_derivatives GL_OES_texture_cube_map_array GL_OES_texture_npot GL_OES_texture_float GL_OES_texture_float_linear GL_OES_texture_half_float GL_OES_texture_half_float_linear GL_OES_texture_stencil8 GL_OES_texture_storage_multisample_2d_array GL_OES_vertex_array_object GL_OES_vertex_half_float GL_OES_viewport_array GL_OVR_multiview GL_OVR_multiview2 GL_ANDROID_extens
ion_pack_es31a
OPENGL LOG: Creating OpenGL ES 3.2 graphics device ; Context level  <OpenGL ES 3.2> ; Context handle 65537
Initialize mono
Mono path[0] = 'C:/Program Files/Unity/Hub/Editor/2020.3.16f1/Editor/Data/Managed'
Mono path[1] = 'C:/Program Files/Unity/Hub/Editor/2020.3.16f1/Editor/Data/MonoBleedingEdge/lib/mono/unityjit'
Mono config path = 'C:/Program Files/Unity/Hub/Editor/2020.3.16f1/Editor/Data/MonoBleedingEdge/etc'
Using monoOptions --debugger-agent=transport=dt_socket,embedding=1,server=y,suspend=n,address=127.0.0.1:56736
Begin MonoManager ReloadAssembly
Registering precompiled unity dll's ...
Register platform support module: C:/Program Files/Unity/Hub/Editor/2020.3.16f1/Editor/Data/PlaybackEngines/WindowsStandaloneSupport/UnityEditor.WindowsStandalone.Extensions.dll
Registered in 0.003390 seconds.
Native extension for WindowsStandalone target not found
Refreshing native plugins compatible for Editor in 60.21 ms, found 5 plugins.
Preloading 0 native plugins for Editor in 0.00 ms.
Mono: successfully reloaded assembly
- Completed reload, in  1.457 seconds
Domain Reload Profiling:
	ReloadAssembly (1457ms)
		BeginReloadAssembly (80ms)
			ExecutionOrderSort (0ms)
			DisableScriptedObjects (0ms)
			BackupInstance (0ms)
			ReleaseScriptingObjects (0ms)
			CreateAndSetChildDomain (1ms)
		EndReloadAssembly (558ms)
			LoadAssemblies (77ms)
			RebuildTransferFunctionScriptingTraits (0ms)
			SetupTypeCache (212ms)
			ReleaseScriptCaches (0ms)
			RebuildScriptCaches (36ms)
			SetupLoadedEditorAssemblies (223ms)
				LogAssemblyErrors (0ms)
				InitializePlatformSupportModulesInManaged (6ms)
				SetLoadedEditorAssemblies (0ms)
				RefreshPlugins (61ms)
				BeforeProcessingInitializeOnLoad (17ms)
				ProcessInitializeOnLoadAttributes (103ms)
				ProcessInitializeOnLoadMethodAttributes (36ms)
				AfterProcessingInitializeOnLoad (0ms)
				EditorAssembliesLoaded (0ms)
			ExecutionOrderSort2 (0ms)
			AwakeInstancesAfterBackupRestoration (0ms)
Platform modules already initialized, skipping
Registering precompiled user dll's ...
Registered in 0.007935 seconds.
Begin MonoManager ReloadAssembly
Native extension for WindowsStandalone target not found
Refreshing native plugins compatible for Editor in 58.85 ms, found 5 plugins.
Preloading 0 native plugins for Editor in 0.00 ms.
Mono: successfully reloaded assembly
- Completed reload, in  1.449 seconds
Domain Reload Profiling:
	ReloadAssembly (1452ms)
		BeginReloadAssembly (175ms)
			ExecutionOrderSort (0ms)
			DisableScriptedObjects (5ms)
			BackupInstance (0ms)
			ReleaseScriptingObjects (0ms)
			CreateAndSetChildDomain (24ms)
		EndReloadAssembly (1200ms)
			LoadAssemblies (115ms)
			RebuildTransferFunctionScriptingTraits (0ms)
			SetupTypeCache (372ms)
			ReleaseScriptCaches (0ms)
			RebuildScriptCaches (60ms)
			SetupLoadedEditorAssemblies (510ms)
				LogAssemblyErrors (0ms)
				InitializePlatformSupportModulesInManaged (7ms)
				SetLoadedEditorAssemblies (0ms)
				RefreshPlugins (59ms)
				BeforeProcessingInitializeOnLoad (88ms)
				ProcessInitializeOnLoadAttributes (327ms)
				ProcessInitializeOnLoadMethodAttributes (19ms)
				AfterProcessingInitializeOnLoad (10ms)
				EditorAssembliesLoaded (0ms)
			ExecutionOrderSort2 (0ms)
			AwakeInstancesAfterBackupRestoration (8ms)
Platform modules already initialized, skipping
========================================================================
Worker process is ready to serve import requests
Launched and connected shader compiler UnityShaderCompiler.exe after 0.05 seconds
Refreshing native plugins compatible for Editor in 0.99 ms, found 5 plugins.
Preloading 0 native plugins for Editor in 0.00 ms.
Unloading 2386 Unused Serialized files (Serialized files now loaded: 0)
System memory in use before: 196.5 MB.
System memory in use after: 196.8 MB.

Unloading 83 unused Assets to reduce memory usage. Loaded Objects now: 2796.
Total: 4.482100 ms (FindLiveObjects: 0.305600 ms CreateObjectMapping: 0.223200 ms MarkObjects: 3.911500 ms  DeleteObjects: 0.039800 ms)

AssetImportParameters requested are different than current active one (requested -> active):
  custom:framework-win-MediaFoundation: 216162199b28c13a410421893ffa2e32 -> 
  custom:video-decoder-ogg-theora: a1e56fd34408186e4bbccfd4996cb3dc -> 
  custom:container-muxer-webm: aa71ff27fc2769a1b78a27578f13a17b -> 
  custom:container-demuxer-webm: 4f35f7cbe854078d1ac9338744f61a02 -> 
  custom:container-demuxer-ogg: 62fdf1f143b41e24485cea50d1cbac27 -> 
  custom:video-encoder-webm-vp8: eb34c28f22e8b96e1ab97ce403110664 -> 
  custom:video-codec-MediaFoundation-h265: 746d11721c4dcdbdad8f713fa42b33f4 -> 
  custom:video-decoder-webm-vp8: 9c59270c3fd7afecdb556c50c9e8de78 -> 
  custom:audio-decoder-ogg-vorbis: bf7c407c2cedff20999df2af8eb42d56 -> 
  custom:audio-encoder-webm-vorbis: bf7c407c2cedff20999df2af8eb42d56 -> 
========================================================================
Received Import Request.
  path: Assets/Scenes/Level05.unity
  artifactKey: Guid(95e1893f04aa6ae4fa76e6a70e16b67b) Importer(815301076,1909f56bfc062723c751e8b465ee728b)
Start importing Assets/Scenes/Level05.unity using Guid(95e1893f04aa6ae4fa76e6a70e16b67b) Importer(815301076,1909f56bfc062723c751e8b465ee728b)  -> (artifact id: '3e4e5f404d2ac0a4ff900f46d53c0209') in 0.014891 seconds 
  Import took 0.020372 seconds .

========================================================================
Received Import Request.
  Time since last request: 182.043960 seconds.
  path: Assets/Art/UI design/Fame Gauge/fame letter.png
  artifactKey: Guid(d192d01a2d2c92b46a410d5ad5cd647f) Importer(815301076,1909f56bfc062723c751e8b465ee728b)
Start importing Assets/Art/UI design/Fame Gauge/fame letter.png using Guid(d192d01a2d2c92b46a410d5ad5cd647f) Importer(815301076,1909f56bfc062723c751e8b465ee728b)  -> (artifact id: 'eb920b3df5b9394a18a061553da7ec88') in 0.100430 seconds 
  Import took 0.107714 seconds .

========================================================================
Received Import Request.
  Time since last request: 5.034126 seconds.
  path: Assets/Art/UI design/Fame Gauge/fame letter.png
  artifactKey: Guid(d192d01a2d2c92b46a410d5ad5cd647f) Importer(815301076,1909f56bfc062723c751e8b465ee728b)
Start importing Assets/Art/UI design/Fame Gauge/fame letter.png using Guid(d192d01a2d2c92b46a410d5ad5cd647f) Importer(815301076,1909f56bfc062723c751e8b465ee728b)  -> (artifact id: '80827b4ab98ada5d6274a329f4fdd32a') in 0.093542 seconds 
  Import took 0.100325 seconds .

========================================================================
Received Import Request.
  Time since last request: 5.671425 seconds.
  path: Assets/Art/UI design/Fame Gauge/gauge.png
  artifactKey: Guid(6ed33f28c480fc54fb046fee492d9fc3) Importer(815301076,1909f56bfc062723c751e8b465ee728b)
Start importing Assets/Art/UI design/Fame Gauge/gauge.png using Guid(6ed33f28c480fc54fb046fee492d9fc3) Importer(815301076,1909f56bfc062723c751e8b465ee728b)  -> (artifact id: '987a520fd522cd472b18011f425a3be8') in 0.014197 seconds 
  Import took 0.022163 seconds .

========================================================================
Received Import Request.
  Time since last request: 6.558553 seconds.
  path: Assets/Art/UI design/Fame Gauge/gauge.png
  artifactKey: Guid(6ed33f28c480fc54fb046fee492d9fc3) Importer(815301076,1909f56bfc062723c751e8b465ee728b)
Start importing Assets/Art/UI design/Fame Gauge/gauge.png using Guid(6ed33f28c480fc54fb046fee492d9fc3) Importer(815301076,1909f56bfc062723c751e8b465ee728b)  -> (artifact id: 'faf2b0642fbdfca93fe30c72c20aa13a') in 0.030821 seconds 
  Import took 0.037586 seconds .

========================================================================
Received Import Request.
  Time since last request: 8.431623 seconds.
  path: Assets/Art/UI design/Fame Gauge/rectangle.png
  artifactKey: Guid(00cd14171203fa3489864ce515b2ff4d) Importer(815301076,1909f56bfc062723c751e8b465ee728b)
Start importing Assets/Art/UI design/Fame Gauge/rectangle.png using Guid(00cd14171203fa3489864ce515b2ff4d) Importer(815301076,1909f56bfc062723c751e8b465ee728b)  -> (artifact id: '90cfd603a63cfbbcca2bd2d24d2ce424') in 0.015606 seconds 
  Import took 0.030274 seconds .

========================================================================
Received Import Request.
  Time since last request: 7.135240 seconds.
  path: Assets/Art/UI design/Fame Gauge/rectangle.png
  artifactKey: Guid(00cd14171203fa3489864ce515b2ff4d) Importer(815301076,1909f56bfc062723c751e8b465ee728b)
Start importing Assets/Art/UI design/Fame Gauge/rectangle.png using Guid(00cd14171203fa3489864ce515b2ff4d) Importer(815301076,1909f56bfc062723c751e8b465ee728b)  -> (artifact id: '4f3b5f885870f420ec4dd7a33546d39e') in 0.034778 seconds 
  Import took 0.045248 seconds .

========================================================================
Received Import Request.
  Time since last request: 169.348529 seconds.
  path: Assets/Art/UI design/Fame Gauge/fame letter.png
  artifactKey: Guid(d192d01a2d2c92b46a410d5ad5cd647f) Importer(815301076,1909f56bfc062723c751e8b465ee728b)
Start importing Assets/Art/UI design/Fame Gauge/fame letter.png using Guid(d192d01a2d2c92b46a410d5ad5cd647f) Importer(815301076,1909f56bfc062723c751e8b465ee728b)  -> (artifact id: '331cb287226670f1560ea452af716d2f') in 0.045401 seconds 
  Import took 0.051221 seconds .

========================================================================
Received Import Request.
  Time since last request: 360.599542 seconds.
  path: Assets/Art/Human base/Human base.psb
  artifactKey: Guid(48598dc91df06764eb7cb73edbdc07c5) Importer(815301076,1909f56bfc062723c751e8b465ee728b)
Start importing Assets/Art/Human base/Human base.psb using Guid(48598dc91df06764eb7cb73edbdc07c5) Importer(815301076,1909f56bfc062723c751e8b465ee728b)  -> (artifact id: 'a1b54ea99651d739ea248b01f222795f') in 0.130975 seconds 
  Import took 0.143707 seconds .

========================================================================
Received Import Request.
  Time since last request: 0.000317 seconds.
  path: Assets/Samples/2D Animation/5.0.7/Samples/5 SpriteSwap/Sprites/Rikr.png
  artifactKey: Guid(f147904358fc9c042beea56963e6b70a) Importer(815301076,1909f56bfc062723c751e8b465ee728b)
Start importing Assets/Samples/2D Animation/5.0.7/Samples/5 SpriteSwap/Sprites/Rikr.png using Guid(f147904358fc9c042beea56963e6b70a) Importer(815301076,1909f56bfc062723c751e8b465ee728b)  -> (artifact id: 'c2b40712d3bf0097b1e8a1e9094c5251') in 0.069051 seconds 
  Import took 0.075323 seconds .

========================================================================
Received Import Request.
  Time since last request: 0.000322 seconds.
  path: Assets/Samples/2D Animation/5.0.7/Samples/5 SpriteSwap/Sprites/Rikr Rage.png
  artifactKey: Guid(62aab9d0b7eea6d46a98bc6bfb5f255e) Importer(815301076,1909f56bfc062723c751e8b465ee728b)
Start importing Assets/Samples/2D Animation/5.0.7/Samples/5 SpriteSwap/Sprites/Rikr Rage.png using Guid(62aab9d0b7eea6d46a98bc6bfb5f255e) Importer(815301076,1909f56bfc062723c751e8b465ee728b)  -> (artifact id: 'e86d9867409884653839bdaf44258c19') in 0.058790 seconds 
  Import took 0.063669 seconds .

========================================================================
Received Import Request.
  Time since last request: 0.000326 seconds.
  path: Assets/Samples/2D Animation/5.0.7/Samples/5 SpriteSwap/Sprites/Rikr Poison.png
  artifactKey: Guid(cc7586140aa6bac4ab484e8dc1a41a4c) Importer(815301076,1909f56bfc062723c751e8b465ee728b)
Start importing Assets/Samples/2D Animation/5.0.7/Samples/5 SpriteSwap/Sprites/Rikr Poison.png using Guid(cc7586140aa6bac4ab484e8dc1a41a4c) Importer(815301076,1909f56bfc062723c751e8b465ee728b)  -> (artifact id: 'fa739c765896b62d423c8b04a8abfbae') in 0.064377 seconds 
  Import took 0.069342 seconds .

========================================================================
Received Import Request.
  Time since last request: 0.000316 seconds.
  path: Assets/Samples/2D Animation/5.0.7/Samples/3 Multiple Skinned Sprites/Sprites/Rikr.png
  artifactKey: Guid(036e5d1dec89b4a449390d4d1288067f) Importer(815301076,1909f56bfc062723c751e8b465ee728b)
Start importing Assets/Samples/2D Animation/5.0.7/Samples/3 Multiple Skinned Sprites/Sprites/Rikr.png using Guid(036e5d1dec89b4a449390d4d1288067f) Importer(815301076,1909f56bfc062723c751e8b465ee728b)  -> (artifact id: '0e878a659682a71b6918e72082d2bde1') in 0.039229 seconds 
  Import took 0.045200 seconds .

========================================================================
Received Import Request.
  Time since last request: 1.119180 seconds.
  path: Assets/Samples/2D Animation/5.0.7/Samples/5 SpriteSwap/Sprites/Scavengers_SpriteSheet.png
  artifactKey: Guid(6b750765a9e73934383c8285cef51320) Importer(815301076,1909f56bfc062723c751e8b465ee728b)
Start importing Assets/Samples/2D Animation/5.0.7/Samples/5 SpriteSwap/Sprites/Scavengers_SpriteSheet.png using Guid(6b750765a9e73934383c8285cef51320) Importer(815301076,1909f56bfc062723c751e8b465ee728b)  -> (artifact id: '749d669e3f4ec583b70837aeefa8a702') in 0.169668 seconds 
  Import took 0.175982 seconds .

========================================================================
Received Import Request.
  Time since last request: 1.413251 seconds.
  path: Assets/Art/UI design/Portals/Projectile/select.png
  artifactKey: Guid(2a30552eb3835c64c9f3b56f829eca63) Importer(815301076,1909f56bfc062723c751e8b465ee728b)
Start importing Assets/Art/UI design/Portals/Projectile/select.png using Guid(2a30552eb3835c64c9f3b56f829eca63) Importer(815301076,1909f56bfc062723c751e8b465ee728b)  -> (artifact id: 'c4cf3534955f857e99c3370490c156c1') in 0.014343 seconds 
  Import took 0.020980 seconds .

========================================================================
Received Import Request.
  Time since last request: 0.000569 seconds.
  path: Assets/Art/UI design/Portals/Slurp/select.png
  artifactKey: Guid(c0a7740f6c9e345478705fefc51448be) Importer(815301076,1909f56bfc062723c751e8b465ee728b)
Start importing Assets/Art/UI design/Portals/Slurp/select.png using Guid(c0a7740f6c9e345478705fefc51448be) Importer(815301076,1909f56bfc062723c751e8b465ee728b)  -> (artifact id: '165ac50ac4fd6cedf6e22097daa9ba60') in 0.025682 seconds 
  Import took 0.034895 seconds .

========================================================================
Received Import Request.
  Time since last request: 0.000721 seconds.
  path: Assets/Art/UI design/Portals/Fire/select.png
  artifactKey: Guid(5d72b16e543e08f419a95160472e46b6) Importer(815301076,1909f56bfc062723c751e8b465ee728b)
Start importing Assets/Art/UI design/Portals/Fire/select.png using Guid(5d72b16e543e08f419a95160472e46b6) Importer(815301076,1909f56bfc062723c751e8b465ee728b)  -> (artifact id: '7fc6ce4d43d3d5053a86cbc5e863abde') in 0.018055 seconds 
  Import took 0.024651 seconds .

========================================================================
Received Import Request.
  Time since last request: 0.000359 seconds.
  path: Assets/Art/UI design/Portals/Monster/select.png
  artifactKey: Guid(e9051878672961848989ef9149466d38) Importer(815301076,1909f56bfc062723c751e8b465ee728b)
Start importing Assets/Art/UI design/Portals/Monster/select.png using Guid(e9051878672961848989ef9149466d38) Importer(815301076,1909f56bfc062723c751e8b465ee728b)  -> (artifact id: '24aeca7fc7273769ea498dcf672b9cbf') in 0.016792 seconds 
  Import took 0.023357 seconds .

========================================================================
Received Import Request.
  Time since last request: 0.000372 seconds.
  path: Assets/Art/UI design/Portals/Gas/select.png
  artifactKey: Guid(286c6e8c5f22dda48abab16a475d4a51) Importer(815301076,1909f56bfc062723c751e8b465ee728b)
Start importing Assets/Art/UI design/Portals/Gas/select.png using Guid(286c6e8c5f22dda48abab16a475d4a51) Importer(815301076,1909f56bfc062723c751e8b465ee728b)  -> (artifact id: 'f60f083680ff285648f8f1eca63b15fb') in 0.015206 seconds 
  Import took 0.020865 seconds .

========================================================================
Received Import Request.
  Time since last request: 0.197627 seconds.
  path: Assets/Art/UI design/Portals/Gas/survol.png
  artifactKey: Guid(0852939a4e86584468c97dab61bfbcd0) Importer(815301076,1909f56bfc062723c751e8b465ee728b)
Start importing Assets/Art/UI design/Portals/Gas/survol.png using Guid(0852939a4e86584468c97dab61bfbcd0) Importer(815301076,1909f56bfc062723c751e8b465ee728b)  -> (artifact id: '9270916055b7e4e3a1df5f23e51eb0fd') in 0.013941 seconds 
  Import took 0.020571 seconds .

========================================================================
Received Import Request.
  Time since last request: 0.000480 seconds.
  path: Assets/Art/UI design/Portals/Monster/survol.png
  artifactKey: Guid(2639000b12aa4944ab42e6014f5ca811) Importer(815301076,1909f56bfc062723c751e8b465ee728b)
Start importing Assets/Art/UI design/Portals/Monster/survol.png using Guid(2639000b12aa4944ab42e6014f5ca811) Importer(815301076,1909f56bfc062723c751e8b465ee728b)  -> (artifact id: '43344073519992aa584d9f377a494bae') in 0.017439 seconds 
  Import took 0.025950 seconds .

========================================================================
Received Import Request.
  Time since last request: 0.000481 seconds.
  path: Assets/Art/UI design/Portals/Slurp/survol.png
  artifactKey: Guid(cae67ac2a7fcdf64893a3c6dfb598369) Importer(815301076,1909f56bfc062723c751e8b465ee728b)
Start importing Assets/Art/UI design/Portals/Slurp/survol.png using Guid(cae67ac2a7fcdf64893a3c6dfb598369) Importer(815301076,1909f56bfc062723c751e8b465ee728b)  -> (artifact id: '5b640bc1ffaabe9a2f2e6ae2ec4c0a3e') in 0.018819 seconds 
  Import took 0.025411 seconds .

========================================================================
Received Import Request.
  Time since last request: 0.199609 seconds.
  path: Assets/Art/UI design/Portals/Projectile/survol.png
  artifactKey: Guid(8e170729485592044894465dbc3d19db) Importer(815301076,1909f56bfc062723c751e8b465ee728b)
Start importing Assets/Art/UI design/Portals/Projectile/survol.png using Guid(8e170729485592044894465dbc3d19db) Importer(815301076,1909f56bfc062723c751e8b465ee728b)  -> (artifact id: '86cd692a79e320d0a7e4b41150c36cc1') in 0.016069 seconds 
  Import took 0.026056 seconds .

========================================================================
Received Import Request.
  Time since last request: 0.000510 seconds.
  path: Assets/Art/UI design/Portals/Fire/survol.png
  artifactKey: Guid(4f7d23db6d211994bb77f9f477a4778b) Importer(815301076,1909f56bfc062723c751e8b465ee728b)
Start importing Assets/Art/UI design/Portals/Fire/survol.png using Guid(4f7d23db6d211994bb77f9f477a4778b) Importer(815301076,1909f56bfc062723c751e8b465ee728b)  -> (artifact id: '98442009bc00e5acf481328adebc00cc') in 0.015986 seconds 
  Import took 0.022185 seconds .

========================================================================
Received Import Request.
  Time since last request: 2.297115 seconds.
  path: Assets/Art/UI design/Portals/portal tab.png
  artifactKey: Guid(54b9345ed293dcd4ca88cbbd95f47a5a) Importer(815301076,1909f56bfc062723c751e8b465ee728b)
Start importing Assets/Art/UI design/Portals/portal tab.png using Guid(54b9345ed293dcd4ca88cbbd95f47a5a) Importer(815301076,1909f56bfc062723c751e8b465ee728b)  -> (artifact id: 'baf5fb261c9934d9b1dd7e96a012229f') in 0.017064 seconds 
  Import took 0.024735 seconds .

========================================================================
Received Import Request.
  Time since last request: 0.000530 seconds.
  path: Assets/Samples/2D Animation/5.0.7/Samples/2 Single Skinned Sprite/Sprites/Plunkah.png
  artifactKey: Guid(9d235826445ca40a6b891614a381d426) Importer(815301076,1909f56bfc062723c751e8b465ee728b)
Start importing Assets/Samples/2D Animation/5.0.7/Samples/2 Single Skinned Sprite/Sprites/Plunkah.png using Guid(9d235826445ca40a6b891614a381d426) Importer(815301076,1909f56bfc062723c751e8b465ee728b)  -> (artifact id: 'c0bcc47266c3ba3bc3f0ff8a86956616') in 0.021003 seconds 
  Import took 0.027498 seconds .

========================================================================
Received Import Request.
  Time since last request: 0.002276 seconds.
  path: Assets/Samples/2D Animation/5.0.7/Samples/Extras/IK/Sprites/Plunkah.png
  artifactKey: Guid(fafd3ffdc7e064d67a2d3277e916184c) Importer(815301076,1909f56bfc062723c751e8b465ee728b)
Start importing Assets/Samples/2D Animation/5.0.7/Samples/Extras/IK/Sprites/Plunkah.png using Guid(fafd3ffdc7e064d67a2d3277e916184c) Importer(815301076,1909f56bfc062723c751e8b465ee728b)  -> (artifact id: 'fcbc8ec4af50b3c60df2817b17bff4cc') in 0.019074 seconds 
  Import took 0.026482 seconds .

========================================================================
Received Import Request.
  Time since last request: 0.413667 seconds.
  path: Assets/Art/UI design/Portals/Monster/normal.png
  artifactKey: Guid(2bd9d4f0bf20e344685ebcbcc7d7c9a6) Importer(815301076,1909f56bfc062723c751e8b465ee728b)
Start importing Assets/Art/UI design/Portals/Monster/normal.png using Guid(2bd9d4f0bf20e344685ebcbcc7d7c9a6) Importer(815301076,1909f56bfc062723c751e8b465ee728b)  -> (artifact id: '405bfc7fa50a62b47259513c520e229b') in 0.017629 seconds 
  Import took 0.026402 seconds .

========================================================================
Received Import Request.
  Time since last request: 0.000657 seconds.
  path: Assets/Art/UI design/Portals/Gas/normal.png
  artifactKey: Guid(468958180a458ef4cb3633f1fa9fd9c0) Importer(815301076,1909f56bfc062723c751e8b465ee728b)
Start importing Assets/Art/UI design/Portals/Gas/normal.png using Guid(468958180a458ef4cb3633f1fa9fd9c0) Importer(815301076,1909f56bfc062723c751e8b465ee728b)  -> (artifact id: 'da2fc388e1625c68ebf8c99fbca32a14') in 0.018726 seconds 
  Import took 0.027420 seconds .

========================================================================
Received Import Request.
  Time since last request: 0.000600 seconds.
  path: Assets/Art/UI design/Portals/Fire/normal.png
  artifactKey: Guid(84b9c0bd26ffd1f48b817c0f7b2db6d3) Importer(815301076,1909f56bfc062723c751e8b465ee728b)
Start importing Assets/Art/UI design/Portals/Fire/normal.png using Guid(84b9c0bd26ffd1f48b817c0f7b2db6d3) Importer(815301076,1909f56bfc062723c751e8b465ee728b)  -> (artifact id: '950a48a164deb72bfe82c2f051516aeb') in 0.017770 seconds 
  Import took 0.026355 seconds .

========================================================================
Received Import Request.
  Time since last request: 0.000330 seconds.
  path: Assets/Art/UI design/Portals/Projectile/normal.png
  artifactKey: Guid(71038be25a79a2140ab520cdb8053e7c) Importer(815301076,1909f56bfc062723c751e8b465ee728b)
Start importing Assets/Art/UI design/Portals/Projectile/normal.png using Guid(71038be25a79a2140ab520cdb8053e7c) Importer(815301076,1909f56bfc062723c751e8b465ee728b)  -> (artifact id: '66407ac1c64a75edefa35bd01a78f715') in 0.018257 seconds 
  Import took 0.025501 seconds .

========================================================================
Received Import Request.
  Time since last request: 0.000945 seconds.
  path: Assets/Art/UI design/Portals/Slurp/normal.png
  artifactKey: Guid(73d44fb4f17d9464a86f33aa1cbf6a83) Importer(815301076,1909f56bfc062723c751e8b465ee728b)
Start importing Assets/Art/UI design/Portals/Slurp/normal.png using Guid(73d44fb4f17d9464a86f33aa1cbf6a83) Importer(815301076,1909f56bfc062723c751e8b465ee728b)  -> (artifact id: 'a60404ed52ea9799f156955800d5d1e3') in 0.014955 seconds 
  Import took 0.021337 seconds .

========================================================================
Received Import Request.
  Time since last request: 0.000529 seconds.
  path: Assets/Art/UI design/Portals/Projectile/normal.png
  artifactKey: Guid(71038be25a79a2140ab520cdb8053e7c) Importer(815301076,1909f56bfc062723c751e8b465ee728b)
Start importing Assets/Art/UI design/Portals/Projectile/normal.png using Guid(71038be25a79a2140ab520cdb8053e7c) Importer(815301076,1909f56bfc062723c751e8b465ee728b)  -> (artifact id: '66407ac1c64a75edefa35bd01a78f715') in 0.015715 seconds 
  Import took 0.021152 seconds .

========================================================================
Received Import Request.
  Time since last request: 1.264584 seconds.
  path: Assets/Samples/2D Animation/5.0.7/Samples/Extras/Attachment Points/Sprites/Fei's Staff.png
  artifactKey: Guid(144ca0ad4121a41fc9918767e6717faf) Importer(815301076,1909f56bfc062723c751e8b465ee728b)
Start importing Assets/Samples/2D Animation/5.0.7/Samples/Extras/Attachment Points/Sprites/Fei's Staff.png using Guid(144ca0ad4121a41fc9918767e6717faf) Importer(815301076,1909f56bfc062723c751e8b465ee728b)  -> (artifact id: 'ba0fbc7b1efcea5484795b0e5503475d') in 0.017265 seconds 
  Import took 0.029453 seconds .

========================================================================
Received Import Request.
  Time since last request: 0.005133 seconds.
  path: Assets/Samples/2D Animation/5.0.7/Samples/Extras/Attachment Points/Sprites/Fei's Staff.png
  artifactKey: Guid(144ca0ad4121a41fc9918767e6717faf) Importer(815301076,1909f56bfc062723c751e8b465ee728b)
Start importing Assets/Samples/2D Animation/5.0.7/Samples/Extras/Attachment Points/Sprites/Fei's Staff.png using Guid(144ca0ad4121a41fc9918767e6717faf) Importer(815301076,1909f56bfc062723c751e8b465ee728b)  -> (artifact id: 'ba0fbc7b1efcea5484795b0e5503475d') in 0.012267 seconds 
  Import took 0.023224 seconds .

========================================================================
Received Import Request.
  Time since last request: 0.453514 seconds.
  path: Assets/Samples/2D Animation/5.0.7/Samples/1 Simple/Sprites/Boris.png
  artifactKey: Guid(5258496a2625b4729b9f47415dcf6055) Importer(815301076,1909f56bfc062723c751e8b465ee728b)
Start importing Assets/Samples/2D Animation/5.0.7/Samples/1 Simple/Sprites/Boris.png using Guid(5258496a2625b4729b9f47415dcf6055) Importer(815301076,1909f56bfc062723c751e8b465ee728b)  -> (artifact id: '0c772f578f79922df36246e3759a95a4') in 0.019797 seconds 
  Import took 0.027223 seconds .

========================================================================
Received Prepare
Refreshing native plugins compatible for Editor in 20.55 ms, found 5 plugins.
Preloading 0 native plugins for Editor in 0.00 ms.
Unloading 70 Unused Serialized files (Serialized files now loaded: 0)
System memory in use before: 153.0 MB.
System memory in use after: 153.2 MB.

Unloading 70 unused Assets to reduce memory usage. Loaded Objects now: 2846.
Total: 4.490300 ms (FindLiveObjects: 0.238000 ms CreateObjectMapping: 0.127400 ms MarkObjects: 4.091300 ms  DeleteObjects: 0.032100 ms)

AssetImportParameters requested are different than current active one (requested -> active):
  custom:framework-win-MediaFoundation: 216162199b28c13a410421893ffa2e32 -> 
  custom:video-decoder-ogg-theora: a1e56fd34408186e4bbccfd4996cb3dc -> 
  custom:container-muxer-webm: aa71ff27fc2769a1b78a27578f13a17b -> 
  custom:container-demuxer-webm: 4f35f7cbe854078d1ac9338744f61a02 -> 
  custom:container-demuxer-ogg: 62fdf1f143b41e24485cea50d1cbac27 -> 
  custom:video-encoder-webm-vp8: eb34c28f22e8b96e1ab97ce403110664 -> 
  custom:video-codec-MediaFoundation-h265: 746d11721c4dcdbdad8f713fa42b33f4 -> 
  custom:video-decoder-webm-vp8: 9c59270c3fd7afecdb556c50c9e8de78 -> 
  custom:audio-decoder-ogg-vorbis: bf7c407c2cedff20999df2af8eb42d56 -> 
  custom:audio-encoder-webm-vorbis: bf7c407c2cedff20999df2af8eb42d56 -> 
========================================================================
Received Prepare
Registering precompiled user dll's ...
Registered in 0.008475 seconds.
Begin MonoManager ReloadAssembly
Native extension for WindowsStandalone target not found
Refreshing native plugins compatible for Editor in 0.93 ms, found 5 plugins.
Preloading 0 native plugins for Editor in 0.00 ms.
Mono: successfully reloaded assembly
- Completed reload, in  1.463 seconds
Domain Reload Profiling:
	ReloadAssembly (1465ms)
		BeginReloadAssembly (158ms)
			ExecutionOrderSort (0ms)
			DisableScriptedObjects (6ms)
			BackupInstance (0ms)
			ReleaseScriptingObjects (0ms)
			CreateAndSetChildDomain (48ms)
		EndReloadAssembly (1226ms)
			LoadAssemblies (131ms)
			RebuildTransferFunctionScriptingTraits (0ms)
			SetupTypeCache (418ms)
			ReleaseScriptCaches (1ms)
			RebuildScriptCaches (58ms)
			SetupLoadedEditorAssemblies (490ms)
				LogAssemblyErrors (0ms)
				InitializePlatformSupportModulesInManaged (5ms)
				SetLoadedEditorAssemblies (1ms)
				RefreshPlugins (1ms)
				BeforeProcessingInitializeOnLoad (119ms)
				ProcessInitializeOnLoadAttributes (338ms)
				ProcessInitializeOnLoadMethodAttributes (13ms)
				AfterProcessingInitializeOnLoad (14ms)
				EditorAssembliesLoaded (0ms)
			ExecutionOrderSort2 (0ms)
			AwakeInstancesAfterBackupRestoration (17ms)
Platform modules already initialized, skipping
Refreshing native plugins compatible for Editor in 0.88 ms, found 5 plugins.
Preloading 0 native plugins for Editor in 0.00 ms.
Unloading 2358 Unused Serialized files (Serialized files now loaded: 0)
System memory in use before: 197.4 MB.
System memory in use after: 197.6 MB.

Unloading 72 unused Assets to reduce memory usage. Loaded Objects now: 2849.
Total: 3.567600 ms (FindLiveObjects: 0.205900 ms CreateObjectMapping: 0.098400 ms MarkObjects: 3.227100 ms  DeleteObjects: 0.034900 ms)

AssetImportParameters requested are different than current active one (requested -> active):
  custom:framework-win-MediaFoundation: 216162199b28c13a410421893ffa2e32 -> 
  custom:video-decoder-ogg-theora: a1e56fd34408186e4bbccfd4996cb3dc -> 
  custom:container-muxer-webm: aa71ff27fc2769a1b78a27578f13a17b -> 
  custom:container-demuxer-webm: 4f35f7cbe854078d1ac9338744f61a02 -> 
  custom:container-demuxer-ogg: 62fdf1f143b41e24485cea50d1cbac27 -> 
  custom:video-encoder-webm-vp8: eb34c28f22e8b96e1ab97ce403110664 -> 
  custom:video-codec-MediaFoundation-h265: 746d11721c4dcdbdad8f713fa42b33f4 -> 
  custom:video-decoder-webm-vp8: 9c59270c3fd7afecdb556c50c9e8de78 -> 
  custom:audio-decoder-ogg-vorbis: bf7c407c2cedff20999df2af8eb42d56 -> 
  custom:audio-encoder-webm-vorbis: bf7c407c2cedff20999df2af8eb42d56 -> 
========================================================================
Received Import Request.
  Time since last request: 782.275109 seconds.
  path: Assets/Art/UI design/Portals
  artifactKey: Guid(c8b97a8ff02768345a2be766f68b2b4f) Importer(815301076,1909f56bfc062723c751e8b465ee728b)
Start importing Assets/Art/UI design/Portals using Guid(c8b97a8ff02768345a2be766f68b2b4f) Importer(815301076,1909f56bfc062723c751e8b465ee728b)  -> (artifact id: '35a7a744fbf3b1561ec9a9647c398a2e') in 0.010692 seconds 
  Import took 0.016953 seconds .

========================================================================
Received Import Request.
  Time since last request: 14.583216 seconds.
  path: Assets/Art/UI design/Portals/Projectile
  artifactKey: Guid(5aecd24c67d17754086a42af32a4630a) Importer(815301076,1909f56bfc062723c751e8b465ee728b)
Start importing Assets/Art/UI design/Portals/Projectile using Guid(5aecd24c67d17754086a42af32a4630a) Importer(815301076,1909f56bfc062723c751e8b465ee728b)  -> (artifact id: '976118b87406d25fb5beb3ca2984840b') in 0.006425 seconds 
  Import took 0.013474 seconds .

========================================================================
Received Import Request.
  Time since last request: 35.548980 seconds.
  path: Assets/Art/UI design/Portals/Projectile/normal.png
  artifactKey: Guid(71038be25a79a2140ab520cdb8053e7c) Importer(815301076,1909f56bfc062723c751e8b465ee728b)
Start importing Assets/Art/UI design/Portals/Projectile/normal.png using Guid(71038be25a79a2140ab520cdb8053e7c) Importer(815301076,1909f56bfc062723c751e8b465ee728b)  -> (artifact id: '87c3bd7fb0521392705c70ce817417cd') in 0.046512 seconds 
  Import took 0.053061 seconds .

========================================================================
Received Import Request.
  Time since last request: 5.645277 seconds.
  path: Assets/Art/UI design/Portals/Projectile/normal.png
  artifactKey: Guid(71038be25a79a2140ab520cdb8053e7c) Importer(815301076,1909f56bfc062723c751e8b465ee728b)
Start importing Assets/Art/UI design/Portals/Projectile/normal.png using Guid(71038be25a79a2140ab520cdb8053e7c) Importer(815301076,1909f56bfc062723c751e8b465ee728b)  -> (artifact id: '6355a96e10823cb813c32c9ea5a50372') in 0.035175 seconds 
  Import took 0.040427 seconds .

========================================================================
Received Import Request.
  Time since last request: 21.756030 seconds.
  path: Assets/Art/UI design/Portals/Projectile/select.png
  artifactKey: Guid(2a30552eb3835c64c9f3b56f829eca63) Importer(815301076,1909f56bfc062723c751e8b465ee728b)
Start importing Assets/Art/UI design/Portals/Projectile/select.png using Guid(2a30552eb3835c64c9f3b56f829eca63) Importer(815301076,1909f56bfc062723c751e8b465ee728b)  -> (artifact id: 'f88c01a38468eceb307d96a5d9c3ab2d') in 0.008789 seconds 
  Import took 0.020872 seconds .

========================================================================
Received Import Request.
  Time since last request: 4.769614 seconds.
  path: Assets/Art/UI design/Portals/Projectile/select.png
  artifactKey: Guid(2a30552eb3835c64c9f3b56f829eca63) Importer(815301076,1909f56bfc062723c751e8b465ee728b)
Start importing Assets/Art/UI design/Portals/Projectile/select.png using Guid(2a30552eb3835c64c9f3b56f829eca63) Importer(815301076,1909f56bfc062723c751e8b465ee728b)  -> (artifact id: '171a0c1314fbf68b8239a377de7b2566') in 0.017203 seconds 
  Import took 0.025899 seconds .

========================================================================
Received Import Request.
  Time since last request: 6.015903 seconds.
  path: Assets/Art/UI design/Portals/Projectile/survol.png
  artifactKey: Guid(8e170729485592044894465dbc3d19db) Importer(815301076,1909f56bfc062723c751e8b465ee728b)
Start importing Assets/Art/UI design/Portals/Projectile/survol.png using Guid(8e170729485592044894465dbc3d19db) Importer(815301076,1909f56bfc062723c751e8b465ee728b)  -> (artifact id: '411fb5e21dfb0ddf0490ffb5a33bf335') in 0.010661 seconds 
  Import took 0.017513 seconds .

========================================================================
Received Import Request.
  Time since last request: 0.004522 seconds.
  path: Assets/Art/UI design/Portals/Projectile/survol.png
  artifactKey: Guid(8e170729485592044894465dbc3d19db) Importer(815301076,1909f56bfc062723c751e8b465ee728b)
Start importing Assets/Art/UI design/Portals/Projectile/survol.png using Guid(8e170729485592044894465dbc3d19db) Importer(815301076,1909f56bfc062723c751e8b465ee728b)  -> (artifact id: '411fb5e21dfb0ddf0490ffb5a33bf335') in 0.010505 seconds 
  Import took 0.018222 seconds .

========================================================================
Received Import Request.
  Time since last request: 5.850214 seconds.
  path: Assets/Art/UI design/Portals/Projectile/survol.png
  artifactKey: Guid(8e170729485592044894465dbc3d19db) Importer(815301076,1909f56bfc062723c751e8b465ee728b)
Start importing Assets/Art/UI design/Portals/Projectile/survol.png using Guid(8e170729485592044894465dbc3d19db) Importer(815301076,1909f56bfc062723c751e8b465ee728b)  -> (artifact id: 'cbb8031680e6cee904d03e098c4ad36e') in 0.023627 seconds 
  Import took 0.029233 seconds .

========================================================================
Received Import Request.
  Time since last request: 52.647437 seconds.
  path: Assets/Art/UI design/Portals/Monster
  artifactKey: Guid(816f4dafa8d322b4e8f5d8ce1ab8b354) Importer(815301076,1909f56bfc062723c751e8b465ee728b)
Start importing Assets/Art/UI design/Portals/Monster using Guid(816f4dafa8d322b4e8f5d8ce1ab8b354) Importer(815301076,1909f56bfc062723c751e8b465ee728b)  -> (artifact id: '9cb179843bd9e8a25f723db5507d9c82') in 0.005293 seconds 
  Import took 0.015441 seconds .

========================================================================
Received Import Request.
  Time since last request: 6.410593 seconds.
  path: Assets/Art/UI design/Portals/Monster/normal.png
  artifactKey: Guid(2bd9d4f0bf20e344685ebcbcc7d7c9a6) Importer(815301076,1909f56bfc062723c751e8b465ee728b)
Start importing Assets/Art/UI design/Portals/Monster/normal.png using Guid(2bd9d4f0bf20e344685ebcbcc7d7c9a6) Importer(815301076,1909f56bfc062723c751e8b465ee728b)  -> (artifact id: '878c7e66b7a2209cdca6feac9f14f757') in 0.012865 seconds 
  Import took 0.022885 seconds .

========================================================================
Received Import Request.
  Time since last request: 0.001501 seconds.
  path: Assets/Art/UI design/Portals/Monster/normal.png
  artifactKey: Guid(2bd9d4f0bf20e344685ebcbcc7d7c9a6) Importer(815301076,1909f56bfc062723c751e8b465ee728b)
Start importing Assets/Art/UI design/Portals/Monster/normal.png using Guid(2bd9d4f0bf20e344685ebcbcc7d7c9a6) Importer(815301076,1909f56bfc062723c751e8b465ee728b)  -> (artifact id: '878c7e66b7a2209cdca6feac9f14f757') in 0.009366 seconds 
  Import took 0.015604 seconds .

========================================================================
Received Import Request.
  Time since last request: 5.157134 seconds.
  path: Assets/Art/UI design/Portals/Monster/normal.png
  artifactKey: Guid(2bd9d4f0bf20e344685ebcbcc7d7c9a6) Importer(815301076,1909f56bfc062723c751e8b465ee728b)
Start importing Assets/Art/UI design/Portals/Monster/normal.png using Guid(2bd9d4f0bf20e344685ebcbcc7d7c9a6) Importer(815301076,1909f56bfc062723c751e8b465ee728b)  -> (artifact id: 'cba9ccb373c805e0943a38ad78c28da7') in 0.062825 seconds 
  Import took 0.071780 seconds .

========================================================================
Received Import Request.
  Time since last request: 9.536088 seconds.
  path: Assets/Art/UI design/Portals/Monster/select.png
  artifactKey: Guid(e9051878672961848989ef9149466d38) Importer(815301076,1909f56bfc062723c751e8b465ee728b)
Start importing Assets/Art/UI design/Portals/Monster/select.png using Guid(e9051878672961848989ef9149466d38) Importer(815301076,1909f56bfc062723c751e8b465ee728b)  -> (artifact id: '650b7966ee495b898837643cdc4df25a') in 0.012645 seconds 
  Import took 0.019402 seconds .

========================================================================
Received Import Request.
  Time since last request: 5.629883 seconds.
  path: Assets/Art/UI design/Portals/Monster/select.png
  artifactKey: Guid(e9051878672961848989ef9149466d38) Importer(815301076,1909f56bfc062723c751e8b465ee728b)
Start importing Assets/Art/UI design/Portals/Monster/select.png using Guid(e9051878672961848989ef9149466d38) Importer(815301076,1909f56bfc062723c751e8b465ee728b)  -> (artifact id: 'ceee4fb89e8ec7a74e18198c46a374b1') in 0.042959 seconds 
  Import took 0.049339 seconds .

========================================================================
Received Import Request.
  Time since last request: 7.721471 seconds.
  path: Assets/Art/UI design/Portals/Monster/survol.png
  artifactKey: Guid(2639000b12aa4944ab42e6014f5ca811) Importer(815301076,1909f56bfc062723c751e8b465ee728b)
Start importing Assets/Art/UI design/Portals/Monster/survol.png using Guid(2639000b12aa4944ab42e6014f5ca811) Importer(815301076,1909f56bfc062723c751e8b465ee728b)  -> (artifact id: '95432e064991a4404b5bba0708f6f53a') in 0.012964 seconds 
  Import took 0.020274 seconds .

========================================================================
Received Import Request.
  Time since last request: 4.112909 seconds.
  path: Assets/Art/UI design/Portals/Monster/survol.png
  artifactKey: Guid(2639000b12aa4944ab42e6014f5ca811) Importer(815301076,1909f56bfc062723c751e8b465ee728b)
Start importing Assets/Art/UI design/Portals/Monster/survol.png using Guid(2639000b12aa4944ab42e6014f5ca811) Importer(815301076,1909f56bfc062723c751e8b465ee728b)  -> (artifact id: 'd79dc5755e39dbe81b8766de675b9b11') in 0.020183 seconds 
  Import took 0.029421 seconds .

========================================================================
Received Import Request.
  Time since last request: 30.887558 seconds.
  path: Assets/Art/UI design/Portals/Gas
  artifactKey: Guid(65ffa21c7d6a33c4da219e687715639e) Importer(815301076,1909f56bfc062723c751e8b465ee728b)
Start importing Assets/Art/UI design/Portals/Gas using Guid(65ffa21c7d6a33c4da219e687715639e) Importer(815301076,1909f56bfc062723c751e8b465ee728b)  -> (artifact id: '56a325c206d7a5b35c2dd14d69da0c09') in 0.005720 seconds 
  Import took 0.028033 seconds .

========================================================================
Received Import Request.
  Time since last request: 5.540633 seconds.
  path: Assets/Art/UI design/Portals/Gas/normal.png
  artifactKey: Guid(468958180a458ef4cb3633f1fa9fd9c0) Importer(815301076,1909f56bfc062723c751e8b465ee728b)
Start importing Assets/Art/UI design/Portals/Gas/normal.png using Guid(468958180a458ef4cb3633f1fa9fd9c0) Importer(815301076,1909f56bfc062723c751e8b465ee728b)  -> (artifact id: 'ade6839a590f5ccb73cfcb847921b0d6') in 0.013288 seconds 
  Import took 0.023152 seconds .

========================================================================
Received Import Request.
  Time since last request: 4.806842 seconds.
  path: Assets/Art/UI design/Portals/Gas/normal.png
  artifactKey: Guid(468958180a458ef4cb3633f1fa9fd9c0) Importer(815301076,1909f56bfc062723c751e8b465ee728b)
Start importing Assets/Art/UI design/Portals/Gas/normal.png using Guid(468958180a458ef4cb3633f1fa9fd9c0) Importer(815301076,1909f56bfc062723c751e8b465ee728b)  -> (artifact id: 'c225bc71ffe39fced25b6b5a7b3903ce') in 0.025563 seconds 
  Import took 0.031340 seconds .

========================================================================
Received Import Request.
  Time since last request: 9.951797 seconds.
  path: Assets/Art/UI design/Portals/Gas/select.png
  artifactKey: Guid(286c6e8c5f22dda48abab16a475d4a51) Importer(815301076,1909f56bfc062723c751e8b465ee728b)
Start importing Assets/Art/UI design/Portals/Gas/select.png using Guid(286c6e8c5f22dda48abab16a475d4a51) Importer(815301076,1909f56bfc062723c751e8b465ee728b)  -> (artifact id: 'b5b7ae3b98ae7d8117408c8f97af8c65') in 0.009310 seconds 
  Import took 0.019011 seconds .

========================================================================
Received Import Request.
  Time since last request: 4.071120 seconds.
  path: Assets/Art/UI design/Portals/Gas/select.png
  artifactKey: Guid(286c6e8c5f22dda48abab16a475d4a51) Importer(815301076,1909f56bfc062723c751e8b465ee728b)
Start importing Assets/Art/UI design/Portals/Gas/select.png using Guid(286c6e8c5f22dda48abab16a475d4a51) Importer(815301076,1909f56bfc062723c751e8b465ee728b)  -> (artifact id: '1fecd7bdd18583a1b4bcd057c8b8dee1') in 0.015688 seconds 
  Import took 0.022383 seconds .

========================================================================
Received Import Request.
  Time since last request: 6.576276 seconds.
  path: Assets/Art/UI design/Portals/Gas/survol.png
  artifactKey: Guid(0852939a4e86584468c97dab61bfbcd0) Importer(815301076,1909f56bfc062723c751e8b465ee728b)
Start importing Assets/Art/UI design/Portals/Gas/survol.png using Guid(0852939a4e86584468c97dab61bfbcd0) Importer(815301076,1909f56bfc062723c751e8b465ee728b)  -> (artifact id: '18fcbdab5c196837d2e3fecbe8bf9402') in 0.013974 seconds 
  Import took 0.023095 seconds .

========================================================================
Received Import Request.
  Time since last request: 9.238895 seconds.
  path: Assets/Art/UI design/Portals/Gas/survol.png
  artifactKey: Guid(0852939a4e86584468c97dab61bfbcd0) Importer(815301076,1909f56bfc062723c751e8b465ee728b)
Start importing Assets/Art/UI design/Portals/Gas/survol.png using Guid(0852939a4e86584468c97dab61bfbcd0) Importer(815301076,1909f56bfc062723c751e8b465ee728b)  -> (artifact id: '4402c793ac93705ae0361787a4d345a7') in 0.019413 seconds 
  Import took 0.028331 seconds .

========================================================================
Received Import Request.
  Time since last request: 32.044243 seconds.
  path: Assets/Art/UI design/Portals/Slurp
  artifactKey: Guid(5a53ba21364fce14381e69d085aea1bd) Importer(815301076,1909f56bfc062723c751e8b465ee728b)
Start importing Assets/Art/UI design/Portals/Slurp using Guid(5a53ba21364fce14381e69d085aea1bd) Importer(815301076,1909f56bfc062723c751e8b465ee728b)  -> (artifact id: 'fc0553d7708193f21e18ec10041fc10e') in 0.005293 seconds 
  Import took 0.014432 seconds .

========================================================================
Received Import Request.
  Time since last request: 10.103507 seconds.
  path: Assets/Art/UI design/Portals/Slurp/normal.png
  artifactKey: Guid(73d44fb4f17d9464a86f33aa1cbf6a83) Importer(815301076,1909f56bfc062723c751e8b465ee728b)
Start importing Assets/Art/UI design/Portals/Slurp/normal.png using Guid(73d44fb4f17d9464a86f33aa1cbf6a83) Importer(815301076,1909f56bfc062723c751e8b465ee728b)  -> (artifact id: 'a5afe2b1e0ad4b4d0c29274f1fa139f4') in 0.011201 seconds 
  Import took 0.019217 seconds .

========================================================================
Received Import Request.
  Time since last request: 4.198823 seconds.
  path: Assets/Art/UI design/Portals/Slurp/normal.png
  artifactKey: Guid(73d44fb4f17d9464a86f33aa1cbf6a83) Importer(815301076,1909f56bfc062723c751e8b465ee728b)
Start importing Assets/Art/UI design/Portals/Slurp/normal.png using Guid(73d44fb4f17d9464a86f33aa1cbf6a83) Importer(815301076,1909f56bfc062723c751e8b465ee728b)  -> (artifact id: 'eab7eca91ce9bfd90cd1912248e726f7') in 0.019412 seconds 
  Import took 0.031471 seconds .

========================================================================
Received Import Request.
  Time since last request: 8.583958 seconds.
  path: Assets/Art/UI design/Portals/Slurp/select.png
  artifactKey: Guid(c0a7740f6c9e345478705fefc51448be) Importer(815301076,1909f56bfc062723c751e8b465ee728b)
Start importing Assets/Art/UI design/Portals/Slurp/select.png using Guid(c0a7740f6c9e345478705fefc51448be) Importer(815301076,1909f56bfc062723c751e8b465ee728b)  -> (artifact id: '2907f5dc0b10da1246b6760ed5b94b43') in 0.017101 seconds 
  Import took 0.025681 seconds .

========================================================================
Received Import Request.
  Time since last request: 3.705888 seconds.
  path: Assets/Art/UI design/Portals/Slurp/select.png
  artifactKey: Guid(c0a7740f6c9e345478705fefc51448be) Importer(815301076,1909f56bfc062723c751e8b465ee728b)
Start importing Assets/Art/UI design/Portals/Slurp/select.png using Guid(c0a7740f6c9e345478705fefc51448be) Importer(815301076,1909f56bfc062723c751e8b465ee728b)  -> (artifact id: '3fcfb2f37037f54d515dd5dcf094b92b') in 0.017898 seconds 
  Import took 0.023360 seconds .

========================================================================
Received Import Request.
  Time since last request: 6.370857 seconds.
  path: Assets/Art/UI design/Portals/Slurp/survol.png
  artifactKey: Guid(cae67ac2a7fcdf64893a3c6dfb598369) Importer(815301076,1909f56bfc062723c751e8b465ee728b)
Start importing Assets/Art/UI design/Portals/Slurp/survol.png using Guid(cae67ac2a7fcdf64893a3c6dfb598369) Importer(815301076,1909f56bfc062723c751e8b465ee728b)  -> (artifact id: '47eaa8018bca3e62130488fb7c286bff') in 0.018641 seconds 
  Import took 0.024403 seconds .

========================================================================
Received Import Request.
  Time since last request: 0.006682 seconds.
  path: Assets/Art/UI design/Portals/Slurp/survol.png
  artifactKey: Guid(cae67ac2a7fcdf64893a3c6dfb598369) Importer(815301076,1909f56bfc062723c751e8b465ee728b)
Start importing Assets/Art/UI design/Portals/Slurp/survol.png using Guid(cae67ac2a7fcdf64893a3c6dfb598369) Importer(815301076,1909f56bfc062723c751e8b465ee728b)  -> (artifact id: '47eaa8018bca3e62130488fb7c286bff') in 0.011521 seconds 
  Import took 0.020600 seconds .

========================================================================
Received Import Request.
  Time since last request: 4.437127 seconds.
  path: Assets/Art/UI design/Portals/Slurp/survol.png
  artifactKey: Guid(cae67ac2a7fcdf64893a3c6dfb598369) Importer(815301076,1909f56bfc062723c751e8b465ee728b)
Start importing Assets/Art/UI design/Portals/Slurp/survol.png using Guid(cae67ac2a7fcdf64893a3c6dfb598369) Importer(815301076,1909f56bfc062723c751e8b465ee728b)  -> (artifact id: 'b5e0f00f07df79b8b3e28c0da4e747e8') in 0.024760 seconds 
  Import took 0.030872 seconds .

========================================================================
Received Import Request.
  Time since last request: 134.540556 seconds.
  path: Assets/Art/UI design/Portals/Fire
  artifactKey: Guid(832fff9d956e4f04f842195974a9f1ce) Importer(815301076,1909f56bfc062723c751e8b465ee728b)
Start importing Assets/Art/UI design/Portals/Fire using Guid(832fff9d956e4f04f842195974a9f1ce) Importer(815301076,1909f56bfc062723c751e8b465ee728b)  -> (artifact id: '6e2de6c6c6db175f5d4e8560f5f8deef') in 0.004739 seconds 
  Import took 0.014205 seconds .

========================================================================
Received Import Request.
  Time since last request: 6.153175 seconds.
  path: Assets/Art/UI design/Portals/Fire/normal.png
  artifactKey: Guid(84b9c0bd26ffd1f48b817c0f7b2db6d3) Importer(815301076,1909f56bfc062723c751e8b465ee728b)
Start importing Assets/Art/UI design/Portals/Fire/normal.png using Guid(84b9c0bd26ffd1f48b817c0f7b2db6d3) Importer(815301076,1909f56bfc062723c751e8b465ee728b)  -> (artifact id: 'c56ee3bba3cfb513cc6351283c81fc67') in 0.011345 seconds 
  Import took 0.019345 seconds .

========================================================================
Received Import Request.
  Time since last request: 0.002615 seconds.
  path: Assets/Art/UI design/Portals/Fire/normal.png
  artifactKey: Guid(84b9c0bd26ffd1f48b817c0f7b2db6d3) Importer(815301076,1909f56bfc062723c751e8b465ee728b)
Start importing Assets/Art/UI design/Portals/Fire/normal.png using Guid(84b9c0bd26ffd1f48b817c0f7b2db6d3) Importer(815301076,1909f56bfc062723c751e8b465ee728b)  -> (artifact id: 'c56ee3bba3cfb513cc6351283c81fc67') in 0.011350 seconds 
  Import took 0.020920 seconds .

========================================================================
Received Import Request.
  Time since last request: 3.172370 seconds.
  path: Assets/Art/UI design/Portals/Fire/normal.png
  artifactKey: Guid(84b9c0bd26ffd1f48b817c0f7b2db6d3) Importer(815301076,1909f56bfc062723c751e8b465ee728b)
Start importing Assets/Art/UI design/Portals/Fire/normal.png using Guid(84b9c0bd26ffd1f48b817c0f7b2db6d3) Importer(815301076,1909f56bfc062723c751e8b465ee728b)  -> (artifact id: '331dfc2d7386b6f985d742900bb464cc') in 0.025958 seconds 
  Import took 0.055176 seconds .

========================================================================
Received Import Request.
  Time since last request: 7.036876 seconds.
  path: Assets/Art/UI design/Portals/Fire/select.png
  artifactKey: Guid(5d72b16e543e08f419a95160472e46b6) Importer(815301076,1909f56bfc062723c751e8b465ee728b)
Start importing Assets/Art/UI design/Portals/Fire/select.png using Guid(5d72b16e543e08f419a95160472e46b6) Importer(815301076,1909f56bfc062723c751e8b465ee728b)  -> (artifact id: 'ba33d2bf14d3e730d77c848097d85669') in 0.014402 seconds 
  Import took 0.022074 seconds .

========================================================================
Received Import Request.
  Time since last request: 5.316585 seconds.
  path: Assets/Art/UI design/Portals/Fire/select.png
  artifactKey: Guid(5d72b16e543e08f419a95160472e46b6) Importer(815301076,1909f56bfc062723c751e8b465ee728b)
Start importing Assets/Art/UI design/Portals/Fire/select.png using Guid(5d72b16e543e08f419a95160472e46b6) Importer(815301076,1909f56bfc062723c751e8b465ee728b)  -> (artifact id: '11f09fbf59ca0e258fae14374b5285d3') in 0.033233 seconds 
  Import took 0.043487 seconds .

========================================================================
Received Import Request.
  Time since last request: 6.716276 seconds.
  path: Assets/Art/UI design/Portals/Fire/survol.png
  artifactKey: Guid(4f7d23db6d211994bb77f9f477a4778b) Importer(815301076,1909f56bfc062723c751e8b465ee728b)
Start importing Assets/Art/UI design/Portals/Fire/survol.png using Guid(4f7d23db6d211994bb77f9f477a4778b) Importer(815301076,1909f56bfc062723c751e8b465ee728b)  -> (artifact id: '804824f0382d7208b607666740e1b999') in 0.016115 seconds 
  Import took 0.022273 seconds .

========================================================================
Received Import Request.
  Time since last request: 4.234537 seconds.
  path: Assets/Art/UI design/Portals/Fire/survol.png
  artifactKey: Guid(4f7d23db6d211994bb77f9f477a4778b) Importer(815301076,1909f56bfc062723c751e8b465ee728b)
Start importing Assets/Art/UI design/Portals/Fire/survol.png using Guid(4f7d23db6d211994bb77f9f477a4778b) Importer(815301076,1909f56bfc062723c751e8b465ee728b)  -> (artifact id: '6088f8b87b0036c777da77e1ba410334') in 0.022559 seconds 
  Import took 0.030013 seconds .

========================================================================
Received Prepare
Refreshing native plugins compatible for Editor in 21.71 ms, found 5 plugins.
Preloading 0 native plugins for Editor in 0.00 ms.
Unloading 70 Unused Serialized files (Serialized files now loaded: 0)
System memory in use before: 152.5 MB.
System memory in use after: 152.8 MB.

Unloading 70 unused Assets to reduce memory usage. Loaded Objects now: 2854.
Total: 5.130200 ms (FindLiveObjects: 0.226700 ms CreateObjectMapping: 0.121500 ms MarkObjects: 4.746400 ms  DeleteObjects: 0.034100 ms)

AssetImportParameters requested are different than current active one (requested -> active):
  custom:framework-win-MediaFoundation: 216162199b28c13a410421893ffa2e32 -> 
  custom:video-decoder-ogg-theora: a1e56fd34408186e4bbccfd4996cb3dc -> 
  custom:container-muxer-webm: aa71ff27fc2769a1b78a27578f13a17b -> 
  custom:container-demuxer-webm: 4f35f7cbe854078d1ac9338744f61a02 -> 
  custom:container-demuxer-ogg: 62fdf1f143b41e24485cea50d1cbac27 -> 
  custom:video-encoder-webm-vp8: eb34c28f22e8b96e1ab97ce403110664 -> 
  custom:video-codec-MediaFoundation-h265: 746d11721c4dcdbdad8f713fa42b33f4 -> 
  custom:video-decoder-webm-vp8: 9c59270c3fd7afecdb556c50c9e8de78 -> 
  custom:audio-decoder-ogg-vorbis: bf7c407c2cedff20999df2af8eb42d56 -> 
  custom:audio-encoder-webm-vorbis: bf7c407c2cedff20999df2af8eb42d56 -> 
========================================================================
Received Prepare
Registering precompiled user dll's ...
Registered in 0.010356 seconds.
Begin MonoManager ReloadAssembly
Native extension for WindowsStandalone target not found
Refreshing native plugins compatible for Editor in 2.99 ms, found 5 plugins.
Preloading 0 native plugins for Editor in 0.00 ms.
Mono: successfully reloaded assembly
- Completed reload, in  1.479 seconds
Domain Reload Profiling:
	ReloadAssembly (1482ms)
		BeginReloadAssembly (156ms)
			ExecutionOrderSort (0ms)
			DisableScriptedObjects (10ms)
			BackupInstance (0ms)
			ReleaseScriptingObjects (0ms)
			CreateAndSetChildDomain (46ms)
		EndReloadAssembly (1243ms)
			LoadAssemblies (130ms)
			RebuildTransferFunctionScriptingTraits (0ms)
			SetupTypeCache (406ms)
			ReleaseScriptCaches (1ms)
			RebuildScriptCaches (60ms)
			SetupLoadedEditorAssemblies (505ms)
				LogAssemblyErrors (0ms)
				InitializePlatformSupportModulesInManaged (7ms)
				SetLoadedEditorAssemblies (1ms)
				RefreshPlugins (3ms)
				BeforeProcessingInitializeOnLoad (134ms)
				ProcessInitializeOnLoadAttributes (338ms)
				ProcessInitializeOnLoadMethodAttributes (11ms)
				AfterProcessingInitializeOnLoad (11ms)
				EditorAssembliesLoaded (0ms)
			ExecutionOrderSort2 (0ms)
			AwakeInstancesAfterBackupRestoration (15ms)
Platform modules already initialized, skipping
Refreshing native plugins compatible for Editor in 0.99 ms, found 5 plugins.
Preloading 0 native plugins for Editor in 0.00 ms.
Unloading 2358 Unused Serialized files (Serialized files now loaded: 0)
System memory in use before: 197.5 MB.
System memory in use after: 197.7 MB.

Unloading 72 unused Assets to reduce memory usage. Loaded Objects now: 2857.
Total: 3.508500 ms (FindLiveObjects: 0.228700 ms CreateObjectMapping: 0.102900 ms MarkObjects: 3.141600 ms  DeleteObjects: 0.034100 ms)

AssetImportParameters requested are different than current active one (requested -> active):
  custom:framework-win-MediaFoundation: 216162199b28c13a410421893ffa2e32 -> 
  custom:video-decoder-ogg-theora: a1e56fd34408186e4bbccfd4996cb3dc -> 
  custom:container-muxer-webm: aa71ff27fc2769a1b78a27578f13a17b -> 
  custom:container-demuxer-webm: 4f35f7cbe854078d1ac9338744f61a02 -> 
  custom:container-demuxer-ogg: 62fdf1f143b41e24485cea50d1cbac27 -> 
  custom:video-encoder-webm-vp8: eb34c28f22e8b96e1ab97ce403110664 -> 
  custom:video-codec-MediaFoundation-h265: 746d11721c4dcdbdad8f713fa42b33f4 -> 
  custom:video-decoder-webm-vp8: 9c59270c3fd7afecdb556c50c9e8de78 -> 
  custom:audio-decoder-ogg-vorbis: bf7c407c2cedff20999df2af8eb42d56 -> 
  custom:audio-encoder-webm-vorbis: bf7c407c2cedff20999df2af8eb42d56 -> 
========================================================================
Received Import Request.
  Time since last request: 120.397585 seconds.
  path: Assets/Scenes/Level04.unity
  artifactKey: Guid(70dc20aa3109d774a83090ce9275de87) Importer(815301076,1909f56bfc062723c751e8b465ee728b)
Start importing Assets/Scenes/Level04.unity using Guid(70dc20aa3109d774a83090ce9275de87) Importer(815301076,1909f56bfc062723c751e8b465ee728b)  -> (artifact id: '43252cabe8a0df26e2b50ca8aafcc915') in 0.022395 seconds 
  Import took 0.029399 seconds .

========================================================================
Received Import Request.
  Time since last request: 1.870605 seconds.
  path: Assets/Scenes/Level03.unity
  artifactKey: Guid(25e5b24229ebd8c4f9c2812baba86b38) Importer(815301076,1909f56bfc062723c751e8b465ee728b)
Start importing Assets/Scenes/Level03.unity using Guid(25e5b24229ebd8c4f9c2812baba86b38) Importer(815301076,1909f56bfc062723c751e8b465ee728b)  -> (artifact id: '3b7921548d3fdf687987f6d43e285252') in 0.007508 seconds 
  Import took 0.014259 seconds .

========================================================================
Received Import Request.
  Time since last request: 1.053359 seconds.
  path: Assets/Scenes/Level02.unity
  artifactKey: Guid(c3ff6fbe42deb604da2a88f6b463dc22) Importer(815301076,1909f56bfc062723c751e8b465ee728b)
Start importing Assets/Scenes/Level02.unity using Guid(c3ff6fbe42deb604da2a88f6b463dc22) Importer(815301076,1909f56bfc062723c751e8b465ee728b)  -> (artifact id: '27ddb4fbfe7734155751f0c1187bb077') in 0.007578 seconds 
  Import took 0.016199 seconds .

